#
# A fatal error has been detected by the Java Runtime Environment:
#
#  EXCEPTION_ACCESS_VIOLATION (0xc0000005) at pc=0x0000015de8416870, pid=18216, tid=4860
#
# JRE version: Java(TM) SE Runtime Environment 18.9 (11.0.11+9) (build 11.0.11+9-LTS-194)
# Java VM: Java HotSpot(TM) 64-Bit Server VM 18.9 (11.0.11+9-LTS-194, mixed mode, tiered, compressed oops, g1 gc, windows-amd64)
# Problematic frame:
# C  0x0000015de8416870
#
# No core dump will be written. Minidumps are not enabled by default on client versions of Windows
#
# If you would like to submit a bug report, please visit:
#   https://bugreport.java.com/bugreport/crash.jsp
# The crash happened outside the Java Virtual Machine in native code.
# See problematic frame for where to report the bug.
#

---------------  S U M M A R Y ------------

Command Line: untitled.jar

Host: Intel(R) Core(TM) i7-10510U CPU @ 1.80GHz, 8 cores, 15G,  Windows 10 , 64 bit Build 19041 (10.0.19041.1202)
Time: Tue Oct 19 19:54:18 2021 South Africa Standard Time elapsed time: 0.321208 seconds (0d 0h 0m 0s)

---------------  T H R E A D  ---------------

Current thread (0x0000015dbaf73800):  JavaThread "main" [_thread_in_native, id=4860, stack(0x00000037dfc00000,0x00000037dfd00000)]

Stack: [0x00000037dfc00000,0x00000037dfd00000],  sp=0x00000037dfcfed48,  free space=1019k
Native frames: (J=compiled Java code, j=interpreted, Vv=VM code, C=native code)
C  0x0000015de8416870

Java frames: (J=compiled Java code, j=interpreted, Vv=VM code)
j  SSCAPIJNI.ssc_module_free(J)V+0
j  untitled.main([Ljava/lang/String;)V+21130
v  ~StubRoutines::call_stub

siginfo: EXCEPTION_ACCESS_VIOLATION (0xc0000005), data execution prevention violation at address 0x0000015de8416870


Register to memory mapping:

RIP=0x0000015de8416870 points into unknown readable memory: 2e 74 65 78 74 00 00 00
RAX=0x0000015de890ec30 points into unknown readable memory: 3a 00 00 00 50 03 00 00
RBX={method} {0x0000015de784eae0} 'ssc_module_free' '(J)V' in 'SSCAPIJNI'
RCX=0x0000015de88defb0 is an unknown value
RDX=0x0000000000000001 is an unknown value
RSP=0x00000037dfcfed48 is pointing into the stack for thread: 0x0000015dbaf73800
RBP=0x00000037dfcfed80 is pointing into the stack for thread: 0x0000015dbaf73800
RSI=0x0000000000000002 is an unknown value
RDI=0x0000015dcb80a127 is at code_begin+2343 in an Interpreter codelet
invoke return entry points  [0x0000015dcb809800, 0x0000015dcb80a200]  2560 bytes
R8 =0x0000015de88defb0 is an unknown value
R9 =0x0000000000000001 is an unknown value
R10=0x0000015dcb80f348 is at code_begin+1000 in an Interpreter codelet
method entry point (kind = native)  [0x0000015dcb80ef60, 0x0000015dcb80fa00]  2720 bytes
R11=0x00000007135217f8 is an oop: java.lang.Class 
{0x00000007135217f8} - klass: 'java/lang/Class'
R12=0x0 is NULL
R13={method} {0x0000015de784eae0} 'ssc_module_free' '(J)V' in 'SSCAPIJNI'
R14=0x00000037dfcfee30 is pointing into the stack for thread: 0x0000015dbaf73800
R15=0x0000015dbaf73800 is a thread


Registers:
RAX=0x0000015de890ec30, RBX=0x0000015de784ead8, RCX=0x0000015de88defb0, RDX=0x0000000000000001
RSP=0x00000037dfcfed48, RBP=0x00000037dfcfed80, RSI=0x0000000000000002, RDI=0x0000015dcb80a127
R8 =0x0000015de88defb0, R9 =0x0000000000000001, R10=0x0000015dcb80f348, R11=0x00000007135217f8
R12=0x0000000000000000, R13=0x0000015de784ead8, R14=0x00000037dfcfee30, R15=0x0000015dbaf73800
RIP=0x0000015de8416870, EFLAGS=0x0000000000010202

Top of Stack: (sp=0x00000037dfcfed48)
0x00000037dfcfed48:   00007ffdc0df28ce 0000015de784ddb8
0x00000037dfcfed58:   0000015dcb80f1c0 0000015dbaf73800
0x00000037dfcfed68:   0000015de784ddb8 0000015de7ea13a0
0x00000037dfcfed78:   0000015de88defb0 00000037dfcfee08
0x00000037dfcfed88:   0000015dcb80f377 0000015dbaf73b48
0x00000037dfcfed98:   00000037dfcfee18 0000015de88defb0
0x00000037dfcfeda8:   0000000000000002 0000000000000001
0x00000037dfcfedb8:   0000015dcb80f016 00000037dfcfedc0
0x00000037dfcfedc8:   0000000000000000 00000037dfcfee30
0x00000037dfcfedd8:   0000015de784fd60 0000000000000000
0x00000037dfcfede8:   00000007135217f8 0000015de784ead8
0x00000037dfcfedf8:   0000000000000000 00000037dfcfee28
0x00000037dfcfee08:   00000037dfcfee80 0000015dcb80a127
0x00000037dfcfee18:   00000007135217f8 0000015dcb80c2f8
0x00000037dfcfee28:   0000015de88defb0 0000000000000000
0x00000037dfcfee38:   00000037dfcfee38 0000015de784b31a 

Instructions: (pc=0x0000015de8416870)
0x0000015de8416850:   00 00 00 00 00 00 00 00 00 00 00 00 00 00 00 00
0x0000015de8416860:   00 00 00 00 00 00 00 00 89 6d 5f 4b 6c 12 31 10
0x0000015de8416870:   2e 74 65 78 74 00 00 00 1e 8f 11 00 00 10 00 00
0x0000015de8416880:   00 90 11 00 00 04 00 00 00 00 00 00 00 00 00 00 


Stack slot to memory mapping:
stack at sp + 0 slots: 0x00007ffdc0df28ce SSCAPIJNI.dll
stack at sp + 1 slots: {method} {0x0000015de784ddc0} 'ssc_data_free' '(J)V' in 'SSCAPIJNI'
stack at sp + 2 slots: 0x0000015dcb80f1c0 is at code_begin+608 in an Interpreter codelet
method entry point (kind = native)  [0x0000015dcb80ef60, 0x0000015dcb80fa00]  2720 bytes
stack at sp + 3 slots: 0x0000015dbaf73800 is a thread
stack at sp + 4 slots: {method} {0x0000015de784ddc0} 'ssc_data_free' '(J)V' in 'SSCAPIJNI'
stack at sp + 5 slots: 0x0000015de7ea13a0 points into unknown readable memory: 5c 00 3f 00 3f 00 5c 00
stack at sp + 6 slots: 0x0000015de88defb0 is an unknown value
stack at sp + 7 slots: 0x00000037dfcfee08 is pointing into the stack for thread: 0x0000015dbaf73800


---------------  P R O C E S S  ---------------

Threads class SMR info:
_java_thread_list=0x0000015de82636d0, length=12, elements={
0x0000015dbaf73800, 0x0000015de73f8800, 0x0000015de7402000, 0x0000015de7d08800,
0x0000015de7d0a800, 0x0000015de7d0b800, 0x0000015de7d0e000, 0x0000015de7d14000,
0x0000015de7ea5800, 0x0000015de7ea0000, 0x0000015de8320000, 0x0000015de8380000
}

Java Threads: ( => current thread )
=>0x0000015dbaf73800 JavaThread "main" [_thread_in_native, id=4860, stack(0x00000037dfc00000,0x00000037dfd00000)]
  0x0000015de73f8800 JavaThread "Reference Handler" daemon [_thread_blocked, id=6260, stack(0x00000037e0300000,0x00000037e0400000)]
  0x0000015de7402000 JavaThread "Finalizer" daemon [_thread_blocked, id=24744, stack(0x00000037e0400000,0x00000037e0500000)]
  0x0000015de7d08800 JavaThread "Signal Dispatcher" daemon [_thread_blocked, id=24952, stack(0x00000037e0500000,0x00000037e0600000)]
  0x0000015de7d0a800 JavaThread "Attach Listener" daemon [_thread_blocked, id=608, stack(0x00000037e0600000,0x00000037e0700000)]
  0x0000015de7d0b800 JavaThread "C2 CompilerThread0" daemon [_thread_blocked, id=9804, stack(0x00000037e0700000,0x00000037e0800000)]
  0x0000015de7d0e000 JavaThread "C1 CompilerThread0" daemon [_thread_blocked, id=18664, stack(0x00000037e0800000,0x00000037e0900000)]
  0x0000015de7d14000 JavaThread "Sweeper thread" daemon [_thread_blocked, id=11036, stack(0x00000037e0900000,0x00000037e0a00000)]
  0x0000015de7ea5800 JavaThread "Service Thread" daemon [_thread_blocked, id=25248, stack(0x00000037e0a00000,0x00000037e0b00000)]
  0x0000015de7ea0000 JavaThread "Common-Cleaner" daemon [_thread_blocked, id=23144, stack(0x00000037e0c00000,0x00000037e0d00000)]
  0x0000015de8320000 JavaThread "C2 CompilerThread1" daemon [_thread_in_native, id=22944, stack(0x00000037e0d00000,0x00000037e0e00000)]
  0x0000015de8380000 JavaThread "C2 CompilerThread2" daemon [_thread_blocked, id=2488, stack(0x00000037e0e00000,0x00000037e0f00000)]

Other Threads:
  0x0000015de73f7000 VMThread "VM Thread" [stack: 0x00000037e0200000,0x00000037e0300000] [id=16424]
  0x0000015de7e9f000 WatcherThread [stack: 0x00000037e0b00000,0x00000037e0c00000] [id=21484]
  0x0000015dbaf88000 GCTaskThread "GC Thread#0" [stack: 0x00000037dfd00000,0x00000037dfe00000] [id=5424]
  0x0000015dbafe7000 ConcurrentGCThread "G1 Main Marker" [stack: 0x00000037dfe00000,0x00000037dff00000] [id=26780]
  0x0000015dbafe9000 ConcurrentGCThread "G1 Conc#0" [stack: 0x00000037dff00000,0x00000037e0000000] [id=11536]
  0x0000015de72dd800 ConcurrentGCThread "G1 Refine#0" [stack: 0x00000037e0000000,0x00000037e0100000] [id=24692]
  0x0000015de72e0800 ConcurrentGCThread "G1 Young RemSet Sampling" [stack: 0x00000037e0100000,0x00000037e0200000] [id=24624]

Threads with active compile tasks:
C2 CompilerThread1    331  380 %     4       jdk.internal.math.FloatingDecimal$ASCIIToBinaryBuffer::doubleValue @ 30 (1194 bytes)

VM state:not at safepoint (normal execution)

VM Mutex/Monitor currently owned by a thread: None

Heap address: 0x0000000703a00000, size: 4038 MB, Compressed Oops mode: Zero based, Oop shift amount: 3
Narrow klass base: 0x0000000800000000, Narrow klass shift: 0
Compressed class space size: 1073741824 Address: 0x0000000800000000

Heap:
 garbage-first heap   total 260096K, used 13312K [0x0000000703a00000, 0x0000000800000000)
  region size 1024K, 14 young (14336K), 0 survivors (0K)
 Metaspace       used 6959K, capacity 7107K, committed 7296K, reserved 1056768K
  class space    used 603K, capacity 623K, committed 640K, reserved 1048576K
Heap Regions: E=young(eden), S=young(survivor), O=old, HS=humongous(starts), HC=humongous(continues), CS=collection set, F=free, A=archive, TAMS=top-at-mark-start (previous, next)
|   0|0x0000000703a00000, 0x0000000703a00000, 0x0000000703b00000|  0%| F|  |TAMS 0x0000000703a00000, 0x0000000703a00000| Untracked 
|   1|0x0000000703b00000, 0x0000000703b00000, 0x0000000703c00000|  0%| F|  |TAMS 0x0000000703b00000, 0x0000000703b00000| Untracked 
|   2|0x0000000703c00000, 0x0000000703c00000, 0x0000000703d00000|  0%| F|  |TAMS 0x0000000703c00000, 0x0000000703c00000| Untracked 
|   3|0x0000000703d00000, 0x0000000703d00000, 0x0000000703e00000|  0%| F|  |TAMS 0x0000000703d00000, 0x0000000703d00000| Untracked 
|   4|0x0000000703e00000, 0x0000000703e00000, 0x0000000703f00000|  0%| F|  |TAMS 0x0000000703e00000, 0x0000000703e00000| Untracked 
|   5|0x0000000703f00000, 0x0000000703f00000, 0x0000000704000000|  0%| F|  |TAMS 0x0000000703f00000, 0x0000000703f00000| Untracked 
|   6|0x0000000704000000, 0x0000000704000000, 0x0000000704100000|  0%| F|  |TAMS 0x0000000704000000, 0x0000000704000000| Untracked 
|   7|0x0000000704100000, 0x0000000704100000, 0x0000000704200000|  0%| F|  |TAMS 0x0000000704100000, 0x0000000704100000| Untracked 
|   8|0x0000000704200000, 0x0000000704200000, 0x0000000704300000|  0%| F|  |TAMS 0x0000000704200000, 0x0000000704200000| Untracked 
|   9|0x0000000704300000, 0x0000000704300000, 0x0000000704400000|  0%| F|  |TAMS 0x0000000704300000, 0x0000000704300000| Untracked 
|  10|0x0000000704400000, 0x0000000704400000, 0x0000000704500000|  0%| F|  |TAMS 0x0000000704400000, 0x0000000704400000| Untracked 
|  11|0x0000000704500000, 0x0000000704500000, 0x0000000704600000|  0%| F|  |TAMS 0x0000000704500000, 0x0000000704500000| Untracked 
|  12|0x0000000704600000, 0x0000000704600000, 0x0000000704700000|  0%| F|  |TAMS 0x0000000704600000, 0x0000000704600000| Untracked 
|  13|0x0000000704700000, 0x0000000704700000, 0x0000000704800000|  0%| F|  |TAMS 0x0000000704700000, 0x0000000704700000| Untracked 
|  14|0x0000000704800000, 0x0000000704800000, 0x0000000704900000|  0%| F|  |TAMS 0x0000000704800000, 0x0000000704800000| Untracked 
|  15|0x0000000704900000, 0x0000000704900000, 0x0000000704a00000|  0%| F|  |TAMS 0x0000000704900000, 0x0000000704900000| Untracked 
|  16|0x0000000704a00000, 0x0000000704a00000, 0x0000000704b00000|  0%| F|  |TAMS 0x0000000704a00000, 0x0000000704a00000| Untracked 
|  17|0x0000000704b00000, 0x0000000704b00000, 0x0000000704c00000|  0%| F|  |TAMS 0x0000000704b00000, 0x0000000704b00000| Untracked 
|  18|0x0000000704c00000, 0x0000000704c00000, 0x0000000704d00000|  0%| F|  |TAMS 0x0000000704c00000, 0x0000000704c00000| Untracked 
|  19|0x0000000704d00000, 0x0000000704d00000, 0x0000000704e00000|  0%| F|  |TAMS 0x0000000704d00000, 0x0000000704d00000| Untracked 
|  20|0x0000000704e00000, 0x0000000704e00000, 0x0000000704f00000|  0%| F|  |TAMS 0x0000000704e00000, 0x0000000704e00000| Untracked 
|  21|0x0000000704f00000, 0x0000000704f00000, 0x0000000705000000|  0%| F|  |TAMS 0x0000000704f00000, 0x0000000704f00000| Untracked 
|  22|0x0000000705000000, 0x0000000705000000, 0x0000000705100000|  0%| F|  |TAMS 0x0000000705000000, 0x0000000705000000| Untracked 
|  23|0x0000000705100000, 0x0000000705100000, 0x0000000705200000|  0%| F|  |TAMS 0x0000000705100000, 0x0000000705100000| Untracked 
|  24|0x0000000705200000, 0x0000000705200000, 0x0000000705300000|  0%| F|  |TAMS 0x0000000705200000, 0x0000000705200000| Untracked 
|  25|0x0000000705300000, 0x0000000705300000, 0x0000000705400000|  0%| F|  |TAMS 0x0000000705300000, 0x0000000705300000| Untracked 
|  26|0x0000000705400000, 0x0000000705400000, 0x0000000705500000|  0%| F|  |TAMS 0x0000000705400000, 0x0000000705400000| Untracked 
|  27|0x0000000705500000, 0x0000000705500000, 0x0000000705600000|  0%| F|  |TAMS 0x0000000705500000, 0x0000000705500000| Untracked 
|  28|0x0000000705600000, 0x0000000705600000, 0x0000000705700000|  0%| F|  |TAMS 0x0000000705600000, 0x0000000705600000| Untracked 
|  29|0x0000000705700000, 0x0000000705700000, 0x0000000705800000|  0%| F|  |TAMS 0x0000000705700000, 0x0000000705700000| Untracked 
|  30|0x0000000705800000, 0x0000000705800000, 0x0000000705900000|  0%| F|  |TAMS 0x0000000705800000, 0x0000000705800000| Untracked 
|  31|0x0000000705900000, 0x0000000705900000, 0x0000000705a00000|  0%| F|  |TAMS 0x0000000705900000, 0x0000000705900000| Untracked 
|  32|0x0000000705a00000, 0x0000000705a00000, 0x0000000705b00000|  0%| F|  |TAMS 0x0000000705a00000, 0x0000000705a00000| Untracked 
|  33|0x0000000705b00000, 0x0000000705b00000, 0x0000000705c00000|  0%| F|  |TAMS 0x0000000705b00000, 0x0000000705b00000| Untracked 
|  34|0x0000000705c00000, 0x0000000705c00000, 0x0000000705d00000|  0%| F|  |TAMS 0x0000000705c00000, 0x0000000705c00000| Untracked 
|  35|0x0000000705d00000, 0x0000000705d00000, 0x0000000705e00000|  0%| F|  |TAMS 0x0000000705d00000, 0x0000000705d00000| Untracked 
|  36|0x0000000705e00000, 0x0000000705e00000, 0x0000000705f00000|  0%| F|  |TAMS 0x0000000705e00000, 0x0000000705e00000| Untracked 
|  37|0x0000000705f00000, 0x0000000705f00000, 0x0000000706000000|  0%| F|  |TAMS 0x0000000705f00000, 0x0000000705f00000| Untracked 
|  38|0x0000000706000000, 0x0000000706000000, 0x0000000706100000|  0%| F|  |TAMS 0x0000000706000000, 0x0000000706000000| Untracked 
|  39|0x0000000706100000, 0x0000000706100000, 0x0000000706200000|  0%| F|  |TAMS 0x0000000706100000, 0x0000000706100000| Untracked 
|  40|0x0000000706200000, 0x0000000706200000, 0x0000000706300000|  0%| F|  |TAMS 0x0000000706200000, 0x0000000706200000| Untracked 
|  41|0x0000000706300000, 0x0000000706300000, 0x0000000706400000|  0%| F|  |TAMS 0x0000000706300000, 0x0000000706300000| Untracked 
|  42|0x0000000706400000, 0x0000000706400000, 0x0000000706500000|  0%| F|  |TAMS 0x0000000706400000, 0x0000000706400000| Untracked 
|  43|0x0000000706500000, 0x0000000706500000, 0x0000000706600000|  0%| F|  |TAMS 0x0000000706500000, 0x0000000706500000| Untracked 
|  44|0x0000000706600000, 0x0000000706600000, 0x0000000706700000|  0%| F|  |TAMS 0x0000000706600000, 0x0000000706600000| Untracked 
|  45|0x0000000706700000, 0x0000000706700000, 0x0000000706800000|  0%| F|  |TAMS 0x0000000706700000, 0x0000000706700000| Untracked 
|  46|0x0000000706800000, 0x0000000706800000, 0x0000000706900000|  0%| F|  |TAMS 0x0000000706800000, 0x0000000706800000| Untracked 
|  47|0x0000000706900000, 0x0000000706900000, 0x0000000706a00000|  0%| F|  |TAMS 0x0000000706900000, 0x0000000706900000| Untracked 
|  48|0x0000000706a00000, 0x0000000706a00000, 0x0000000706b00000|  0%| F|  |TAMS 0x0000000706a00000, 0x0000000706a00000| Untracked 
|  49|0x0000000706b00000, 0x0000000706b00000, 0x0000000706c00000|  0%| F|  |TAMS 0x0000000706b00000, 0x0000000706b00000| Untracked 
|  50|0x0000000706c00000, 0x0000000706c00000, 0x0000000706d00000|  0%| F|  |TAMS 0x0000000706c00000, 0x0000000706c00000| Untracked 
|  51|0x0000000706d00000, 0x0000000706d00000, 0x0000000706e00000|  0%| F|  |TAMS 0x0000000706d00000, 0x0000000706d00000| Untracked 
|  52|0x0000000706e00000, 0x0000000706e00000, 0x0000000706f00000|  0%| F|  |TAMS 0x0000000706e00000, 0x0000000706e00000| Untracked 
|  53|0x0000000706f00000, 0x0000000706f00000, 0x0000000707000000|  0%| F|  |TAMS 0x0000000706f00000, 0x0000000706f00000| Untracked 
|  54|0x0000000707000000, 0x0000000707000000, 0x0000000707100000|  0%| F|  |TAMS 0x0000000707000000, 0x0000000707000000| Untracked 
|  55|0x0000000707100000, 0x0000000707100000, 0x0000000707200000|  0%| F|  |TAMS 0x0000000707100000, 0x0000000707100000| Untracked 
|  56|0x0000000707200000, 0x0000000707200000, 0x0000000707300000|  0%| F|  |TAMS 0x0000000707200000, 0x0000000707200000| Untracked 
|  57|0x0000000707300000, 0x0000000707300000, 0x0000000707400000|  0%| F|  |TAMS 0x0000000707300000, 0x0000000707300000| Untracked 
|  58|0x0000000707400000, 0x0000000707400000, 0x0000000707500000|  0%| F|  |TAMS 0x0000000707400000, 0x0000000707400000| Untracked 
|  59|0x0000000707500000, 0x0000000707500000, 0x0000000707600000|  0%| F|  |TAMS 0x0000000707500000, 0x0000000707500000| Untracked 
|  60|0x0000000707600000, 0x0000000707600000, 0x0000000707700000|  0%| F|  |TAMS 0x0000000707600000, 0x0000000707600000| Untracked 
|  61|0x0000000707700000, 0x0000000707700000, 0x0000000707800000|  0%| F|  |TAMS 0x0000000707700000, 0x0000000707700000| Untracked 
|  62|0x0000000707800000, 0x0000000707800000, 0x0000000707900000|  0%| F|  |TAMS 0x0000000707800000, 0x0000000707800000| Untracked 
|  63|0x0000000707900000, 0x0000000707900000, 0x0000000707a00000|  0%| F|  |TAMS 0x0000000707900000, 0x0000000707900000| Untracked 
|  64|0x0000000707a00000, 0x0000000707a00000, 0x0000000707b00000|  0%| F|  |TAMS 0x0000000707a00000, 0x0000000707a00000| Untracked 
|  65|0x0000000707b00000, 0x0000000707b00000, 0x0000000707c00000|  0%| F|  |TAMS 0x0000000707b00000, 0x0000000707b00000| Untracked 
|  66|0x0000000707c00000, 0x0000000707c00000, 0x0000000707d00000|  0%| F|  |TAMS 0x0000000707c00000, 0x0000000707c00000| Untracked 
|  67|0x0000000707d00000, 0x0000000707d00000, 0x0000000707e00000|  0%| F|  |TAMS 0x0000000707d00000, 0x0000000707d00000| Untracked 
|  68|0x0000000707e00000, 0x0000000707e00000, 0x0000000707f00000|  0%| F|  |TAMS 0x0000000707e00000, 0x0000000707e00000| Untracked 
|  69|0x0000000707f00000, 0x0000000707f00000, 0x0000000708000000|  0%| F|  |TAMS 0x0000000707f00000, 0x0000000707f00000| Untracked 
|  70|0x0000000708000000, 0x0000000708000000, 0x0000000708100000|  0%| F|  |TAMS 0x0000000708000000, 0x0000000708000000| Untracked 
|  71|0x0000000708100000, 0x0000000708100000, 0x0000000708200000|  0%| F|  |TAMS 0x0000000708100000, 0x0000000708100000| Untracked 
|  72|0x0000000708200000, 0x0000000708200000, 0x0000000708300000|  0%| F|  |TAMS 0x0000000708200000, 0x0000000708200000| Untracked 
|  73|0x0000000708300000, 0x0000000708300000, 0x0000000708400000|  0%| F|  |TAMS 0x0000000708300000, 0x0000000708300000| Untracked 
|  74|0x0000000708400000, 0x0000000708400000, 0x0000000708500000|  0%| F|  |TAMS 0x0000000708400000, 0x0000000708400000| Untracked 
|  75|0x0000000708500000, 0x0000000708500000, 0x0000000708600000|  0%| F|  |TAMS 0x0000000708500000, 0x0000000708500000| Untracked 
|  76|0x0000000708600000, 0x0000000708600000, 0x0000000708700000|  0%| F|  |TAMS 0x0000000708600000, 0x0000000708600000| Untracked 
|  77|0x0000000708700000, 0x0000000708700000, 0x0000000708800000|  0%| F|  |TAMS 0x0000000708700000, 0x0000000708700000| Untracked 
|  78|0x0000000708800000, 0x0000000708800000, 0x0000000708900000|  0%| F|  |TAMS 0x0000000708800000, 0x0000000708800000| Untracked 
|  79|0x0000000708900000, 0x0000000708900000, 0x0000000708a00000|  0%| F|  |TAMS 0x0000000708900000, 0x0000000708900000| Untracked 
|  80|0x0000000708a00000, 0x0000000708a00000, 0x0000000708b00000|  0%| F|  |TAMS 0x0000000708a00000, 0x0000000708a00000| Untracked 
|  81|0x0000000708b00000, 0x0000000708b00000, 0x0000000708c00000|  0%| F|  |TAMS 0x0000000708b00000, 0x0000000708b00000| Untracked 
|  82|0x0000000708c00000, 0x0000000708c00000, 0x0000000708d00000|  0%| F|  |TAMS 0x0000000708c00000, 0x0000000708c00000| Untracked 
|  83|0x0000000708d00000, 0x0000000708d00000, 0x0000000708e00000|  0%| F|  |TAMS 0x0000000708d00000, 0x0000000708d00000| Untracked 
|  84|0x0000000708e00000, 0x0000000708e00000, 0x0000000708f00000|  0%| F|  |TAMS 0x0000000708e00000, 0x0000000708e00000| Untracked 
|  85|0x0000000708f00000, 0x0000000708f00000, 0x0000000709000000|  0%| F|  |TAMS 0x0000000708f00000, 0x0000000708f00000| Untracked 
|  86|0x0000000709000000, 0x0000000709000000, 0x0000000709100000|  0%| F|  |TAMS 0x0000000709000000, 0x0000000709000000| Untracked 
|  87|0x0000000709100000, 0x0000000709100000, 0x0000000709200000|  0%| F|  |TAMS 0x0000000709100000, 0x0000000709100000| Untracked 
|  88|0x0000000709200000, 0x0000000709200000, 0x0000000709300000|  0%| F|  |TAMS 0x0000000709200000, 0x0000000709200000| Untracked 
|  89|0x0000000709300000, 0x0000000709300000, 0x0000000709400000|  0%| F|  |TAMS 0x0000000709300000, 0x0000000709300000| Untracked 
|  90|0x0000000709400000, 0x0000000709400000, 0x0000000709500000|  0%| F|  |TAMS 0x0000000709400000, 0x0000000709400000| Untracked 
|  91|0x0000000709500000, 0x0000000709500000, 0x0000000709600000|  0%| F|  |TAMS 0x0000000709500000, 0x0000000709500000| Untracked 
|  92|0x0000000709600000, 0x0000000709600000, 0x0000000709700000|  0%| F|  |TAMS 0x0000000709600000, 0x0000000709600000| Untracked 
|  93|0x0000000709700000, 0x0000000709700000, 0x0000000709800000|  0%| F|  |TAMS 0x0000000709700000, 0x0000000709700000| Untracked 
|  94|0x0000000709800000, 0x0000000709800000, 0x0000000709900000|  0%| F|  |TAMS 0x0000000709800000, 0x0000000709800000| Untracked 
|  95|0x0000000709900000, 0x0000000709900000, 0x0000000709a00000|  0%| F|  |TAMS 0x0000000709900000, 0x0000000709900000| Untracked 
|  96|0x0000000709a00000, 0x0000000709a00000, 0x0000000709b00000|  0%| F|  |TAMS 0x0000000709a00000, 0x0000000709a00000| Untracked 
|  97|0x0000000709b00000, 0x0000000709b00000, 0x0000000709c00000|  0%| F|  |TAMS 0x0000000709b00000, 0x0000000709b00000| Untracked 
|  98|0x0000000709c00000, 0x0000000709c00000, 0x0000000709d00000|  0%| F|  |TAMS 0x0000000709c00000, 0x0000000709c00000| Untracked 
|  99|0x0000000709d00000, 0x0000000709d00000, 0x0000000709e00000|  0%| F|  |TAMS 0x0000000709d00000, 0x0000000709d00000| Untracked 
| 100|0x0000000709e00000, 0x0000000709e00000, 0x0000000709f00000|  0%| F|  |TAMS 0x0000000709e00000, 0x0000000709e00000| Untracked 
| 101|0x0000000709f00000, 0x0000000709f00000, 0x000000070a000000|  0%| F|  |TAMS 0x0000000709f00000, 0x0000000709f00000| Untracked 
| 102|0x000000070a000000, 0x000000070a000000, 0x000000070a100000|  0%| F|  |TAMS 0x000000070a000000, 0x000000070a000000| Untracked 
| 103|0x000000070a100000, 0x000000070a100000, 0x000000070a200000|  0%| F|  |TAMS 0x000000070a100000, 0x000000070a100000| Untracked 
| 104|0x000000070a200000, 0x000000070a200000, 0x000000070a300000|  0%| F|  |TAMS 0x000000070a200000, 0x000000070a200000| Untracked 
| 105|0x000000070a300000, 0x000000070a300000, 0x000000070a400000|  0%| F|  |TAMS 0x000000070a300000, 0x000000070a300000| Untracked 
| 106|0x000000070a400000, 0x000000070a400000, 0x000000070a500000|  0%| F|  |TAMS 0x000000070a400000, 0x000000070a400000| Untracked 
| 107|0x000000070a500000, 0x000000070a500000, 0x000000070a600000|  0%| F|  |TAMS 0x000000070a500000, 0x000000070a500000| Untracked 
| 108|0x000000070a600000, 0x000000070a600000, 0x000000070a700000|  0%| F|  |TAMS 0x000000070a600000, 0x000000070a600000| Untracked 
| 109|0x000000070a700000, 0x000000070a700000, 0x000000070a800000|  0%| F|  |TAMS 0x000000070a700000, 0x000000070a700000| Untracked 
| 110|0x000000070a800000, 0x000000070a800000, 0x000000070a900000|  0%| F|  |TAMS 0x000000070a800000, 0x000000070a800000| Untracked 
| 111|0x000000070a900000, 0x000000070a900000, 0x000000070aa00000|  0%| F|  |TAMS 0x000000070a900000, 0x000000070a900000| Untracked 
| 112|0x000000070aa00000, 0x000000070aa00000, 0x000000070ab00000|  0%| F|  |TAMS 0x000000070aa00000, 0x000000070aa00000| Untracked 
| 113|0x000000070ab00000, 0x000000070ab00000, 0x000000070ac00000|  0%| F|  |TAMS 0x000000070ab00000, 0x000000070ab00000| Untracked 
| 114|0x000000070ac00000, 0x000000070ac00000, 0x000000070ad00000|  0%| F|  |TAMS 0x000000070ac00000, 0x000000070ac00000| Untracked 
| 115|0x000000070ad00000, 0x000000070ad00000, 0x000000070ae00000|  0%| F|  |TAMS 0x000000070ad00000, 0x000000070ad00000| Untracked 
| 116|0x000000070ae00000, 0x000000070ae00000, 0x000000070af00000|  0%| F|  |TAMS 0x000000070ae00000, 0x000000070ae00000| Untracked 
| 117|0x000000070af00000, 0x000000070af00000, 0x000000070b000000|  0%| F|  |TAMS 0x000000070af00000, 0x000000070af00000| Untracked 
| 118|0x000000070b000000, 0x000000070b000000, 0x000000070b100000|  0%| F|  |TAMS 0x000000070b000000, 0x000000070b000000| Untracked 
| 119|0x000000070b100000, 0x000000070b100000, 0x000000070b200000|  0%| F|  |TAMS 0x000000070b100000, 0x000000070b100000| Untracked 
| 120|0x000000070b200000, 0x000000070b200000, 0x000000070b300000|  0%| F|  |TAMS 0x000000070b200000, 0x000000070b200000| Untracked 
| 121|0x000000070b300000, 0x000000070b300000, 0x000000070b400000|  0%| F|  |TAMS 0x000000070b300000, 0x000000070b300000| Untracked 
| 122|0x000000070b400000, 0x000000070b400000, 0x000000070b500000|  0%| F|  |TAMS 0x000000070b400000, 0x000000070b400000| Untracked 
| 123|0x000000070b500000, 0x000000070b500000, 0x000000070b600000|  0%| F|  |TAMS 0x000000070b500000, 0x000000070b500000| Untracked 
| 124|0x000000070b600000, 0x000000070b600000, 0x000000070b700000|  0%| F|  |TAMS 0x000000070b600000, 0x000000070b600000| Untracked 
| 125|0x000000070b700000, 0x000000070b700000, 0x000000070b800000|  0%| F|  |TAMS 0x000000070b700000, 0x000000070b700000| Untracked 
| 126|0x000000070b800000, 0x000000070b800000, 0x000000070b900000|  0%| F|  |TAMS 0x000000070b800000, 0x000000070b800000| Untracked 
| 127|0x000000070b900000, 0x000000070b900000, 0x000000070ba00000|  0%| F|  |TAMS 0x000000070b900000, 0x000000070b900000| Untracked 
| 128|0x000000070ba00000, 0x000000070ba00000, 0x000000070bb00000|  0%| F|  |TAMS 0x000000070ba00000, 0x000000070ba00000| Untracked 
| 129|0x000000070bb00000, 0x000000070bb00000, 0x000000070bc00000|  0%| F|  |TAMS 0x000000070bb00000, 0x000000070bb00000| Untracked 
| 130|0x000000070bc00000, 0x000000070bc00000, 0x000000070bd00000|  0%| F|  |TAMS 0x000000070bc00000, 0x000000070bc00000| Untracked 
| 131|0x000000070bd00000, 0x000000070bd00000, 0x000000070be00000|  0%| F|  |TAMS 0x000000070bd00000, 0x000000070bd00000| Untracked 
| 132|0x000000070be00000, 0x000000070be00000, 0x000000070bf00000|  0%| F|  |TAMS 0x000000070be00000, 0x000000070be00000| Untracked 
| 133|0x000000070bf00000, 0x000000070bf00000, 0x000000070c000000|  0%| F|  |TAMS 0x000000070bf00000, 0x000000070bf00000| Untracked 
| 134|0x000000070c000000, 0x000000070c000000, 0x000000070c100000|  0%| F|  |TAMS 0x000000070c000000, 0x000000070c000000| Untracked 
| 135|0x000000070c100000, 0x000000070c100000, 0x000000070c200000|  0%| F|  |TAMS 0x000000070c100000, 0x000000070c100000| Untracked 
| 136|0x000000070c200000, 0x000000070c200000, 0x000000070c300000|  0%| F|  |TAMS 0x000000070c200000, 0x000000070c200000| Untracked 
| 137|0x000000070c300000, 0x000000070c300000, 0x000000070c400000|  0%| F|  |TAMS 0x000000070c300000, 0x000000070c300000| Untracked 
| 138|0x000000070c400000, 0x000000070c400000, 0x000000070c500000|  0%| F|  |TAMS 0x000000070c400000, 0x000000070c400000| Untracked 
| 139|0x000000070c500000, 0x000000070c500000, 0x000000070c600000|  0%| F|  |TAMS 0x000000070c500000, 0x000000070c500000| Untracked 
| 140|0x000000070c600000, 0x000000070c600000, 0x000000070c700000|  0%| F|  |TAMS 0x000000070c600000, 0x000000070c600000| Untracked 
| 141|0x000000070c700000, 0x000000070c700000, 0x000000070c800000|  0%| F|  |TAMS 0x000000070c700000, 0x000000070c700000| Untracked 
| 142|0x000000070c800000, 0x000000070c800000, 0x000000070c900000|  0%| F|  |TAMS 0x000000070c800000, 0x000000070c800000| Untracked 
| 143|0x000000070c900000, 0x000000070c900000, 0x000000070ca00000|  0%| F|  |TAMS 0x000000070c900000, 0x000000070c900000| Untracked 
| 144|0x000000070ca00000, 0x000000070ca00000, 0x000000070cb00000|  0%| F|  |TAMS 0x000000070ca00000, 0x000000070ca00000| Untracked 
| 145|0x000000070cb00000, 0x000000070cb00000, 0x000000070cc00000|  0%| F|  |TAMS 0x000000070cb00000, 0x000000070cb00000| Untracked 
| 146|0x000000070cc00000, 0x000000070cc00000, 0x000000070cd00000|  0%| F|  |TAMS 0x000000070cc00000, 0x000000070cc00000| Untracked 
| 147|0x000000070cd00000, 0x000000070cd00000, 0x000000070ce00000|  0%| F|  |TAMS 0x000000070cd00000, 0x000000070cd00000| Untracked 
| 148|0x000000070ce00000, 0x000000070ce00000, 0x000000070cf00000|  0%| F|  |TAMS 0x000000070ce00000, 0x000000070ce00000| Untracked 
| 149|0x000000070cf00000, 0x000000070cf00000, 0x000000070d000000|  0%| F|  |TAMS 0x000000070cf00000, 0x000000070cf00000| Untracked 
| 150|0x000000070d000000, 0x000000070d000000, 0x000000070d100000|  0%| F|  |TAMS 0x000000070d000000, 0x000000070d000000| Untracked 
| 151|0x000000070d100000, 0x000000070d100000, 0x000000070d200000|  0%| F|  |TAMS 0x000000070d100000, 0x000000070d100000| Untracked 
| 152|0x000000070d200000, 0x000000070d200000, 0x000000070d300000|  0%| F|  |TAMS 0x000000070d200000, 0x000000070d200000| Untracked 
| 153|0x000000070d300000, 0x000000070d300000, 0x000000070d400000|  0%| F|  |TAMS 0x000000070d300000, 0x000000070d300000| Untracked 
| 154|0x000000070d400000, 0x000000070d400000, 0x000000070d500000|  0%| F|  |TAMS 0x000000070d400000, 0x000000070d400000| Untracked 
| 155|0x000000070d500000, 0x000000070d500000, 0x000000070d600000|  0%| F|  |TAMS 0x000000070d500000, 0x000000070d500000| Untracked 
| 156|0x000000070d600000, 0x000000070d600000, 0x000000070d700000|  0%| F|  |TAMS 0x000000070d600000, 0x000000070d600000| Untracked 
| 157|0x000000070d700000, 0x000000070d700000, 0x000000070d800000|  0%| F|  |TAMS 0x000000070d700000, 0x000000070d700000| Untracked 
| 158|0x000000070d800000, 0x000000070d800000, 0x000000070d900000|  0%| F|  |TAMS 0x000000070d800000, 0x000000070d800000| Untracked 
| 159|0x000000070d900000, 0x000000070d900000, 0x000000070da00000|  0%| F|  |TAMS 0x000000070d900000, 0x000000070d900000| Untracked 
| 160|0x000000070da00000, 0x000000070da00000, 0x000000070db00000|  0%| F|  |TAMS 0x000000070da00000, 0x000000070da00000| Untracked 
| 161|0x000000070db00000, 0x000000070db00000, 0x000000070dc00000|  0%| F|  |TAMS 0x000000070db00000, 0x000000070db00000| Untracked 
| 162|0x000000070dc00000, 0x000000070dc00000, 0x000000070dd00000|  0%| F|  |TAMS 0x000000070dc00000, 0x000000070dc00000| Untracked 
| 163|0x000000070dd00000, 0x000000070dd00000, 0x000000070de00000|  0%| F|  |TAMS 0x000000070dd00000, 0x000000070dd00000| Untracked 
| 164|0x000000070de00000, 0x000000070de00000, 0x000000070df00000|  0%| F|  |TAMS 0x000000070de00000, 0x000000070de00000| Untracked 
| 165|0x000000070df00000, 0x000000070df00000, 0x000000070e000000|  0%| F|  |TAMS 0x000000070df00000, 0x000000070df00000| Untracked 
| 166|0x000000070e000000, 0x000000070e000000, 0x000000070e100000|  0%| F|  |TAMS 0x000000070e000000, 0x000000070e000000| Untracked 
| 167|0x000000070e100000, 0x000000070e100000, 0x000000070e200000|  0%| F|  |TAMS 0x000000070e100000, 0x000000070e100000| Untracked 
| 168|0x000000070e200000, 0x000000070e200000, 0x000000070e300000|  0%| F|  |TAMS 0x000000070e200000, 0x000000070e200000| Untracked 
| 169|0x000000070e300000, 0x000000070e300000, 0x000000070e400000|  0%| F|  |TAMS 0x000000070e300000, 0x000000070e300000| Untracked 
| 170|0x000000070e400000, 0x000000070e400000, 0x000000070e500000|  0%| F|  |TAMS 0x000000070e400000, 0x000000070e400000| Untracked 
| 171|0x000000070e500000, 0x000000070e500000, 0x000000070e600000|  0%| F|  |TAMS 0x000000070e500000, 0x000000070e500000| Untracked 
| 172|0x000000070e600000, 0x000000070e600000, 0x000000070e700000|  0%| F|  |TAMS 0x000000070e600000, 0x000000070e600000| Untracked 
| 173|0x000000070e700000, 0x000000070e700000, 0x000000070e800000|  0%| F|  |TAMS 0x000000070e700000, 0x000000070e700000| Untracked 
| 174|0x000000070e800000, 0x000000070e800000, 0x000000070e900000|  0%| F|  |TAMS 0x000000070e800000, 0x000000070e800000| Untracked 
| 175|0x000000070e900000, 0x000000070e900000, 0x000000070ea00000|  0%| F|  |TAMS 0x000000070e900000, 0x000000070e900000| Untracked 
| 176|0x000000070ea00000, 0x000000070ea00000, 0x000000070eb00000|  0%| F|  |TAMS 0x000000070ea00000, 0x000000070ea00000| Untracked 
| 177|0x000000070eb00000, 0x000000070eb00000, 0x000000070ec00000|  0%| F|  |TAMS 0x000000070eb00000, 0x000000070eb00000| Untracked 
| 178|0x000000070ec00000, 0x000000070ec00000, 0x000000070ed00000|  0%| F|  |TAMS 0x000000070ec00000, 0x000000070ec00000| Untracked 
| 179|0x000000070ed00000, 0x000000070ed00000, 0x000000070ee00000|  0%| F|  |TAMS 0x000000070ed00000, 0x000000070ed00000| Untracked 
| 180|0x000000070ee00000, 0x000000070ee00000, 0x000000070ef00000|  0%| F|  |TAMS 0x000000070ee00000, 0x000000070ee00000| Untracked 
| 181|0x000000070ef00000, 0x000000070ef00000, 0x000000070f000000|  0%| F|  |TAMS 0x000000070ef00000, 0x000000070ef00000| Untracked 
| 182|0x000000070f000000, 0x000000070f000000, 0x000000070f100000|  0%| F|  |TAMS 0x000000070f000000, 0x000000070f000000| Untracked 
| 183|0x000000070f100000, 0x000000070f100000, 0x000000070f200000|  0%| F|  |TAMS 0x000000070f100000, 0x000000070f100000| Untracked 
| 184|0x000000070f200000, 0x000000070f200000, 0x000000070f300000|  0%| F|  |TAMS 0x000000070f200000, 0x000000070f200000| Untracked 
| 185|0x000000070f300000, 0x000000070f300000, 0x000000070f400000|  0%| F|  |TAMS 0x000000070f300000, 0x000000070f300000| Untracked 
| 186|0x000000070f400000, 0x000000070f400000, 0x000000070f500000|  0%| F|  |TAMS 0x000000070f400000, 0x000000070f400000| Untracked 
| 187|0x000000070f500000, 0x000000070f500000, 0x000000070f600000|  0%| F|  |TAMS 0x000000070f500000, 0x000000070f500000| Untracked 
| 188|0x000000070f600000, 0x000000070f600000, 0x000000070f700000|  0%| F|  |TAMS 0x000000070f600000, 0x000000070f600000| Untracked 
| 189|0x000000070f700000, 0x000000070f700000, 0x000000070f800000|  0%| F|  |TAMS 0x000000070f700000, 0x000000070f700000| Untracked 
| 190|0x000000070f800000, 0x000000070f800000, 0x000000070f900000|  0%| F|  |TAMS 0x000000070f800000, 0x000000070f800000| Untracked 
| 191|0x000000070f900000, 0x000000070f900000, 0x000000070fa00000|  0%| F|  |TAMS 0x000000070f900000, 0x000000070f900000| Untracked 
| 192|0x000000070fa00000, 0x000000070fa00000, 0x000000070fb00000|  0%| F|  |TAMS 0x000000070fa00000, 0x000000070fa00000| Untracked 
| 193|0x000000070fb00000, 0x000000070fb00000, 0x000000070fc00000|  0%| F|  |TAMS 0x000000070fb00000, 0x000000070fb00000| Untracked 
| 194|0x000000070fc00000, 0x000000070fc00000, 0x000000070fd00000|  0%| F|  |TAMS 0x000000070fc00000, 0x000000070fc00000| Untracked 
| 195|0x000000070fd00000, 0x000000070fd00000, 0x000000070fe00000|  0%| F|  |TAMS 0x000000070fd00000, 0x000000070fd00000| Untracked 
| 196|0x000000070fe00000, 0x000000070fe00000, 0x000000070ff00000|  0%| F|  |TAMS 0x000000070fe00000, 0x000000070fe00000| Untracked 
| 197|0x000000070ff00000, 0x000000070ff00000, 0x0000000710000000|  0%| F|  |TAMS 0x000000070ff00000, 0x000000070ff00000| Untracked 
| 198|0x0000000710000000, 0x0000000710000000, 0x0000000710100000|  0%| F|  |TAMS 0x0000000710000000, 0x0000000710000000| Untracked 
| 199|0x0000000710100000, 0x0000000710100000, 0x0000000710200000|  0%| F|  |TAMS 0x0000000710100000, 0x0000000710100000| Untracked 
| 200|0x0000000710200000, 0x0000000710200000, 0x0000000710300000|  0%| F|  |TAMS 0x0000000710200000, 0x0000000710200000| Untracked 
| 201|0x0000000710300000, 0x0000000710300000, 0x0000000710400000|  0%| F|  |TAMS 0x0000000710300000, 0x0000000710300000| Untracked 
| 202|0x0000000710400000, 0x0000000710400000, 0x0000000710500000|  0%| F|  |TAMS 0x0000000710400000, 0x0000000710400000| Untracked 
| 203|0x0000000710500000, 0x0000000710500000, 0x0000000710600000|  0%| F|  |TAMS 0x0000000710500000, 0x0000000710500000| Untracked 
| 204|0x0000000710600000, 0x0000000710600000, 0x0000000710700000|  0%| F|  |TAMS 0x0000000710600000, 0x0000000710600000| Untracked 
| 205|0x0000000710700000, 0x0000000710700000, 0x0000000710800000|  0%| F|  |TAMS 0x0000000710700000, 0x0000000710700000| Untracked 
| 206|0x0000000710800000, 0x0000000710800000, 0x0000000710900000|  0%| F|  |TAMS 0x0000000710800000, 0x0000000710800000| Untracked 
| 207|0x0000000710900000, 0x0000000710900000, 0x0000000710a00000|  0%| F|  |TAMS 0x0000000710900000, 0x0000000710900000| Untracked 
| 208|0x0000000710a00000, 0x0000000710a00000, 0x0000000710b00000|  0%| F|  |TAMS 0x0000000710a00000, 0x0000000710a00000| Untracked 
| 209|0x0000000710b00000, 0x0000000710b00000, 0x0000000710c00000|  0%| F|  |TAMS 0x0000000710b00000, 0x0000000710b00000| Untracked 
| 210|0x0000000710c00000, 0x0000000710c00000, 0x0000000710d00000|  0%| F|  |TAMS 0x0000000710c00000, 0x0000000710c00000| Untracked 
| 211|0x0000000710d00000, 0x0000000710d00000, 0x0000000710e00000|  0%| F|  |TAMS 0x0000000710d00000, 0x0000000710d00000| Untracked 
| 212|0x0000000710e00000, 0x0000000710e00000, 0x0000000710f00000|  0%| F|  |TAMS 0x0000000710e00000, 0x0000000710e00000| Untracked 
| 213|0x0000000710f00000, 0x0000000710f00000, 0x0000000711000000|  0%| F|  |TAMS 0x0000000710f00000, 0x0000000710f00000| Untracked 
| 214|0x0000000711000000, 0x0000000711000000, 0x0000000711100000|  0%| F|  |TAMS 0x0000000711000000, 0x0000000711000000| Untracked 
| 215|0x0000000711100000, 0x0000000711100000, 0x0000000711200000|  0%| F|  |TAMS 0x0000000711100000, 0x0000000711100000| Untracked 
| 216|0x0000000711200000, 0x0000000711200000, 0x0000000711300000|  0%| F|  |TAMS 0x0000000711200000, 0x0000000711200000| Untracked 
| 217|0x0000000711300000, 0x0000000711300000, 0x0000000711400000|  0%| F|  |TAMS 0x0000000711300000, 0x0000000711300000| Untracked 
| 218|0x0000000711400000, 0x0000000711400000, 0x0000000711500000|  0%| F|  |TAMS 0x0000000711400000, 0x0000000711400000| Untracked 
| 219|0x0000000711500000, 0x0000000711500000, 0x0000000711600000|  0%| F|  |TAMS 0x0000000711500000, 0x0000000711500000| Untracked 
| 220|0x0000000711600000, 0x0000000711600000, 0x0000000711700000|  0%| F|  |TAMS 0x0000000711600000, 0x0000000711600000| Untracked 
| 221|0x0000000711700000, 0x0000000711700000, 0x0000000711800000|  0%| F|  |TAMS 0x0000000711700000, 0x0000000711700000| Untracked 
| 222|0x0000000711800000, 0x0000000711800000, 0x0000000711900000|  0%| F|  |TAMS 0x0000000711800000, 0x0000000711800000| Untracked 
| 223|0x0000000711900000, 0x0000000711900000, 0x0000000711a00000|  0%| F|  |TAMS 0x0000000711900000, 0x0000000711900000| Untracked 
| 224|0x0000000711a00000, 0x0000000711a00000, 0x0000000711b00000|  0%| F|  |TAMS 0x0000000711a00000, 0x0000000711a00000| Untracked 
| 225|0x0000000711b00000, 0x0000000711b00000, 0x0000000711c00000|  0%| F|  |TAMS 0x0000000711b00000, 0x0000000711b00000| Untracked 
| 226|0x0000000711c00000, 0x0000000711c00000, 0x0000000711d00000|  0%| F|  |TAMS 0x0000000711c00000, 0x0000000711c00000| Untracked 
| 227|0x0000000711d00000, 0x0000000711d00000, 0x0000000711e00000|  0%| F|  |TAMS 0x0000000711d00000, 0x0000000711d00000| Untracked 
| 228|0x0000000711e00000, 0x0000000711e00000, 0x0000000711f00000|  0%| F|  |TAMS 0x0000000711e00000, 0x0000000711e00000| Untracked 
| 229|0x0000000711f00000, 0x0000000711f00000, 0x0000000712000000|  0%| F|  |TAMS 0x0000000711f00000, 0x0000000711f00000| Untracked 
| 230|0x0000000712000000, 0x0000000712000000, 0x0000000712100000|  0%| F|  |TAMS 0x0000000712000000, 0x0000000712000000| Untracked 
| 231|0x0000000712100000, 0x0000000712100000, 0x0000000712200000|  0%| F|  |TAMS 0x0000000712100000, 0x0000000712100000| Untracked 
| 232|0x0000000712200000, 0x0000000712200000, 0x0000000712300000|  0%| F|  |TAMS 0x0000000712200000, 0x0000000712200000| Untracked 
| 233|0x0000000712300000, 0x0000000712300000, 0x0000000712400000|  0%| F|  |TAMS 0x0000000712300000, 0x0000000712300000| Untracked 
| 234|0x0000000712400000, 0x0000000712400000, 0x0000000712500000|  0%| F|  |TAMS 0x0000000712400000, 0x0000000712400000| Untracked 
| 235|0x0000000712500000, 0x0000000712500000, 0x0000000712600000|  0%| F|  |TAMS 0x0000000712500000, 0x0000000712500000| Untracked 
| 236|0x0000000712600000, 0x0000000712600000, 0x0000000712700000|  0%| F|  |TAMS 0x0000000712600000, 0x0000000712600000| Untracked 
| 237|0x0000000712700000, 0x0000000712700000, 0x0000000712800000|  0%| F|  |TAMS 0x0000000712700000, 0x0000000712700000| Untracked 
| 238|0x0000000712800000, 0x0000000712800000, 0x0000000712900000|  0%| F|  |TAMS 0x0000000712800000, 0x0000000712800000| Untracked 
| 239|0x0000000712900000, 0x0000000712900000, 0x0000000712a00000|  0%| F|  |TAMS 0x0000000712900000, 0x0000000712900000| Untracked 
| 240|0x0000000712a00000, 0x0000000712a7b630, 0x0000000712b00000| 48%| E|  |TAMS 0x0000000712a00000, 0x0000000712a00000| Complete 
| 241|0x0000000712b00000, 0x0000000712c00000, 0x0000000712c00000|100%| E|CS|TAMS 0x0000000712b00000, 0x0000000712b00000| Complete 
| 242|0x0000000712c00000, 0x0000000712d00000, 0x0000000712d00000|100%| E|CS|TAMS 0x0000000712c00000, 0x0000000712c00000| Complete 
| 243|0x0000000712d00000, 0x0000000712e00000, 0x0000000712e00000|100%| E|CS|TAMS 0x0000000712d00000, 0x0000000712d00000| Complete 
| 244|0x0000000712e00000, 0x0000000712f00000, 0x0000000712f00000|100%| E|CS|TAMS 0x0000000712e00000, 0x0000000712e00000| Complete 
| 245|0x0000000712f00000, 0x0000000713000000, 0x0000000713000000|100%| E|CS|TAMS 0x0000000712f00000, 0x0000000712f00000| Complete 
| 246|0x0000000713000000, 0x0000000713100000, 0x0000000713100000|100%| E|CS|TAMS 0x0000000713000000, 0x0000000713000000| Complete 
| 247|0x0000000713100000, 0x0000000713200000, 0x0000000713200000|100%| E|CS|TAMS 0x0000000713100000, 0x0000000713100000| Complete 
| 248|0x0000000713200000, 0x0000000713300000, 0x0000000713300000|100%| E|CS|TAMS 0x0000000713200000, 0x0000000713200000| Complete 
| 249|0x0000000713300000, 0x0000000713400000, 0x0000000713400000|100%| E|CS|TAMS 0x0000000713300000, 0x0000000713300000| Complete 
| 250|0x0000000713400000, 0x0000000713500000, 0x0000000713500000|100%| E|CS|TAMS 0x0000000713400000, 0x0000000713400000| Complete 
| 251|0x0000000713500000, 0x0000000713600000, 0x0000000713600000|100%| E|CS|TAMS 0x0000000713500000, 0x0000000713500000| Complete 
| 252|0x0000000713600000, 0x0000000713700000, 0x0000000713700000|100%| E|CS|TAMS 0x0000000713600000, 0x0000000713600000| Complete 
| 253|0x0000000713700000, 0x0000000713800000, 0x0000000713800000|100%| E|CS|TAMS 0x0000000713700000, 0x0000000713700000| Complete 

Card table byte_map: [0x0000015ddba50000,0x0000015ddc240000] _byte_map_base: 0x0000015dd8233000

Marking Bits (Prev, Next): (CMBitMap*) 0x0000015dbafd5408, (CMBitMap*) 0x0000015dbafd5440
 Prev Bits: [0x0000015ddca30000, 0x0000015de0948000)
 Next Bits: [0x0000015de0950000, 0x0000015de4868000)

Polling page: 0x0000015db96c0000

Metaspace:

Usage:
  Non-class:      6.33 MB capacity,     6.21 MB ( 98%) used,   122.03 KB (  2%) free+waste,     6.25 KB ( <1%) overhead. 
      Class:    623.00 KB capacity,   603.59 KB ( 97%) used,    16.47 KB (  3%) free+waste,     2.94 KB ( <1%) overhead. 
       Both:      6.94 MB capacity,     6.80 MB ( 98%) used,   138.50 KB (  2%) free+waste,     9.19 KB ( <1%) overhead. 

Virtual space:
  Non-class space:        8.00 MB reserved,       6.50 MB ( 81%) committed 
      Class space:        1.00 GB reserved,     640.00 KB ( <1%) committed 
             Both:        1.01 GB reserved,       7.13 MB ( <1%) committed 

Chunk freelists:
   Non-Class:  5.50 KB
       Class:  2.13 KB
        Both:  7.63 KB

CodeHeap 'non-profiled nmethods': size=120000Kb used=183Kb max_used=183Kb free=119816Kb
 bounds [0x0000015dd32d0000, 0x0000015dd3540000, 0x0000015dda800000]
CodeHeap 'profiled nmethods': size=120000Kb used=697Kb max_used=697Kb free=119302Kb
 bounds [0x0000015dcbda0000, 0x0000015dcc010000, 0x0000015dd32d0000]
CodeHeap 'non-nmethods': size=5760Kb used=1069Kb max_used=1098Kb free=4690Kb
 bounds [0x0000015dcb800000, 0x0000015dcba70000, 0x0000015dcbda0000]
 total_blobs=741 nmethods=379 adapters=274
 compilation: enabled
              stopped_count=0, restarted_count=0
 full_count=0

Compilation events (10 events):
Event: 0.295 Thread 0x0000015de7d0b800  381   !   4       jdk.internal.math.FloatingDecimal::readJavaFormatString (826 bytes)
Event: 0.297 Thread 0x0000015de8380000 nmethod 369 0x0000015dd32f9290 code [0x0000015dd32f9480, 0x0000015dd32f9f08]
Event: 0.297 Thread 0x0000015de8380000  375       4       jdk.internal.math.FDBigInteger::makeImmutable (6 bytes)
Event: 0.297 Thread 0x0000015de8380000 nmethod 375 0x0000015dd32fa790 code [0x0000015dd32fa920, 0x0000015dd32fa978]
Event: 0.297 Thread 0x0000015de8380000  383       4       jdk.internal.math.FDBigInteger::rightInplaceSub (351 bytes)
Event: 0.305 Thread 0x0000015de7d0e000  384   !   3       untitled::set_array (166 bytes)
Event: 0.306 Thread 0x0000015de7d0e000 nmethod 384 0x0000015dcbe4b910 code [0x0000015dcbe4bce0, 0x0000015dcbe4d538]
Event: 0.310 Thread 0x0000015de8380000 nmethod 383 0x0000015dd32faa10 code [0x0000015dd32fabc0, 0x0000015dd32fb458]
Event: 0.310 Thread 0x0000015de7d0e000  385       3       java.nio.Buffer::limit (65 bytes)
Event: 0.311 Thread 0x0000015de7d0e000 nmethod 385 0x0000015dcbe4e190 code [0x0000015dcbe4e340, 0x0000015dcbe4e5e8]

GC Heap History (0 events):
No events

Deoptimization events (6 events):
Event: 0.088 Thread 0x0000015dbaf73800 Uncommon trap: reason=unstable_if action=reinterpret pc=0x0000015dd32d4520 method=java.lang.String.hashCode()I @ 14 c2
Event: 0.218 Thread 0x0000015dbaf73800 Uncommon trap: reason=unstable_if action=reinterpret pc=0x0000015dd32e23b8 method=jdk.internal.math.FloatingDecimal.readJavaFormatString(Ljava/lang/String;)Ljdk/internal/math/FloatingDecimal$ASCIIToBinaryConverter; @ 178 c2
Event: 0.229 Thread 0x0000015dbaf73800 Uncommon trap: reason=unstable_if action=reinterpret pc=0x0000015dd32e5ef0 method=java.io.BufferedReader.readLine(Z)Ljava/lang/String; @ 55 c2
Event: 0.277 Thread 0x0000015dbaf73800 Uncommon trap: reason=unstable_if action=reinterpret pc=0x0000015dd32eb068 method=jdk.internal.math.FloatingDecimal.readJavaFormatString(Ljava/lang/String;)Ljdk/internal/math/FloatingDecimal$ASCIIToBinaryConverter; @ 327 c2
Event: 0.277 Thread 0x0000015dbaf73800 Uncommon trap: reason=unstable_if action=reinterpret pc=0x0000015dd32ed3bc method=jdk.internal.math.FloatingDecimal$ASCIIToBinaryBuffer.doubleValue()D @ 287 c2
Event: 0.277 Thread 0x0000015dbaf73800 Uncommon trap: reason=unstable_if action=reinterpret pc=0x0000015dd32e84dc method=jdk.internal.math.FDBigInteger.rightInplaceSub(Ljdk/internal/math/FDBigInteger;)Ljdk/internal/math/FDBigInteger; @ 93 c2

Classes redefined (0 events):
No events

Internal exceptions (0 events):
No events

Events (10 events):
Event: 0.296 Thread 0x0000015dbaf73800 DEOPT PACKING pc=0x0000015dcbe43d58 sp=0x00000037dfcfeb30
Event: 0.297 Thread 0x0000015dbaf73800 DEOPT UNPACKING pc=0x0000015dcb82705e sp=0x00000037dfcfdfb0 mode 0
Event: 0.300 Thread 0x0000015dbaf73800 DEOPT PACKING pc=0x0000015dcbe43d58 sp=0x00000037dfcfeb30
Event: 0.300 Thread 0x0000015dbaf73800 DEOPT UNPACKING pc=0x0000015dcb82705e sp=0x00000037dfcfdfb0 mode 0
Event: 0.304 Thread 0x0000015dbaf73800 DEOPT PACKING pc=0x0000015dcbe43d58 sp=0x00000037dfcfeb30
Event: 0.304 Thread 0x0000015dbaf73800 DEOPT UNPACKING pc=0x0000015dcb82705e sp=0x00000037dfcfdfb0 mode 0
Event: 0.307 Thread 0x0000015dbaf73800 DEOPT PACKING pc=0x0000015dcbe43d58 sp=0x00000037dfcfeb30
Event: 0.307 Thread 0x0000015dbaf73800 DEOPT UNPACKING pc=0x0000015dcb82705e sp=0x00000037dfcfdfb0 mode 0
Event: 0.310 Thread 0x0000015dbaf73800 DEOPT PACKING pc=0x0000015dcbe43d58 sp=0x00000037dfcfeb30
Event: 0.310 Thread 0x0000015dbaf73800 DEOPT UNPACKING pc=0x0000015dcb82705e sp=0x00000037dfcfdfb0 mode 0


Dynamic libraries:
0x00007ff770df0000 - 0x00007ff770dff000 	c:\Java\jdk-11.0.11\bin\java.exe
0x00007ffdfc130000 - 0x00007ffdfc325000 	C:\windows\SYSTEM32\ntdll.dll
0x00007ffdfb2c0000 - 0x00007ffdfb37e000 	C:\windows\System32\KERNEL32.DLL
0x00007ffdf99b0000 - 0x00007ffdf9c79000 	C:\windows\System32\KERNELBASE.dll
0x00007ffdf9f10000 - 0x00007ffdfa010000 	C:\windows\System32\ucrtbase.dll
0x00007ffde31e0000 - 0x00007ffde31f8000 	c:\Java\jdk-11.0.11\bin\jli.dll
0x00007ffddf130000 - 0x00007ffddf145000 	c:\Java\jdk-11.0.11\bin\VCRUNTIME140.dll
0x00007ffdfb670000 - 0x00007ffdfb71c000 	C:\windows\System32\ADVAPI32.dll
0x00007ffdfa300000 - 0x00007ffdfa39e000 	C:\windows\System32\msvcrt.dll
0x00007ffdfb7e0000 - 0x00007ffdfb87b000 	C:\windows\System32\sechost.dll
0x00007ffdfa450000 - 0x00007ffdfa57a000 	C:\windows\System32\RPCRT4.dll
0x00007ffdfa730000 - 0x00007ffdfa8d1000 	C:\windows\System32\USER32.dll
0x00007ffdfa120000 - 0x00007ffdfa142000 	C:\windows\System32\win32u.dll
0x00007ffde3320000 - 0x00007ffde35ba000 	C:\windows\WinSxS\amd64_microsoft.windows.common-controls_6595b64144ccf1df_6.0.19041.1110_none_60b5254171f9507e\COMCTL32.dll
0x00007ffdfb790000 - 0x00007ffdfb7bb000 	C:\windows\System32\GDI32.dll
0x00007ffdf9e00000 - 0x00007ffdf9f0b000 	C:\windows\System32\gdi32full.dll
0x00007ffdf9cd0000 - 0x00007ffdf9d6d000 	C:\windows\System32\msvcp_win.dll
0x00007ffdee5d0000 - 0x00007ffdee5da000 	C:\windows\SYSTEM32\VERSION.dll
0x00007ffdfb290000 - 0x00007ffdfb2c0000 	C:\windows\System32\IMM32.DLL
0x00007ffdb8c40000 - 0x00007ffdb8cdb000 	c:\Java\jdk-11.0.11\bin\msvcp140.dll
0x00007ffd57270000 - 0x00007ffd57d6e000 	c:\Java\jdk-11.0.11\bin\server\jvm.dll
0x00007ffdfa960000 - 0x00007ffdfa968000 	C:\windows\System32\PSAPI.DLL
0x00007ffdf42d0000 - 0x00007ffdf42f7000 	C:\windows\SYSTEM32\WINMM.dll
0x00007ffdf28b0000 - 0x00007ffdf28b9000 	C:\windows\SYSTEM32\WSOCK32.dll
0x00007ffdfb720000 - 0x00007ffdfb78b000 	C:\windows\System32\WS2_32.dll
0x00007ffdf7fb0000 - 0x00007ffdf7fc2000 	C:\windows\SYSTEM32\kernel.appcore.dll
0x00007ffde8d80000 - 0x00007ffde8d90000 	c:\Java\jdk-11.0.11\bin\verify.dll
0x00007ffdf7c70000 - 0x00007ffdf7e54000 	C:\windows\SYSTEM32\DBGHELP.DLL
0x00007ffdf4260000 - 0x00007ffdf428c000 	C:\windows\SYSTEM32\dbgcore.DLL
0x00007ffdf9d70000 - 0x00007ffdf9df3000 	C:\windows\System32\bcryptPrimitives.dll
0x00007ffdc8960000 - 0x00007ffdc8988000 	c:\Java\jdk-11.0.11\bin\java.dll
0x00007ffddf720000 - 0x00007ffddf72a000 	c:\Java\jdk-11.0.11\bin\jimage.dll
0x00007ffdddf50000 - 0x00007ffdddf66000 	c:\Java\jdk-11.0.11\bin\zip.dll
0x00007ffdfb880000 - 0x00007ffdfbfbf000 	C:\windows\System32\SHELL32.dll
0x00007ffdf7420000 - 0x00007ffdf7bb0000 	C:\windows\SYSTEM32\windows.storage.dll
0x00007ffdfa9e0000 - 0x00007ffdfad35000 	C:\windows\System32\combase.dll
0x00007ffdf90f0000 - 0x00007ffdf911c000 	C:\windows\SYSTEM32\Wldp.dll
0x00007ffdfb480000 - 0x00007ffdfb52d000 	C:\windows\System32\SHCORE.dll
0x00007ffdfb420000 - 0x00007ffdfb475000 	C:\windows\System32\shlwapi.dll
0x00007ffdf9790000 - 0x00007ffdf97af000 	C:\windows\SYSTEM32\profapi.dll
0x00007ffddc820000 - 0x00007ffddc839000 	C:\Java\jdk-11.0.11\bin\net.dll
0x00007ffdf87f0000 - 0x00007ffdf88f8000 	C:\windows\SYSTEM32\WINHTTP.dll
0x00007ffdf8ed0000 - 0x00007ffdf8f3a000 	C:\windows\system32\mswsock.dll
0x00007ffdcc4c0000 - 0x00007ffdcc4d2000 	C:\Java\jdk-11.0.11\bin\nio.dll
0x00007ffd56170000 - 0x00007ffd57265000 	C:\Users\fsopmboudjieka\Projects\simulation-and-modelling-tool-suitable-for-solar-pvdesign\ssc.dll
0x00007ffde4450000 - 0x00007ffde445c000 	C:\windows\SYSTEM32\VCRUNTIME140_1.dll
0x00007ffdc0df0000 - 0x00007ffdc0e13000 	C:\Users\fsopmboudjieka\Projects\simulation-and-modelling-tool-suitable-for-solar-pvdesign\SSCAPIJNI.dll

dbghelp: loaded successfully - version: 4.0.5 - missing functions: none
symbol engine: initialized successfully - sym options: 0x614 - pdb path: .;c:\Java\jdk-11.0.11\bin;C:\windows\SYSTEM32;C:\windows\WinSxS\amd64_microsoft.windows.common-controls_6595b64144ccf1df_6.0.19041.1110_none_60b5254171f9507e;c:\Java\jdk-11.0.11\bin\server;C:\Users\fsopmboudjieka\Projects\simulation-and-modelling-tool-suitable-for-solar-pvdesign

VM Arguments:
java_command: untitled.jar
java_class_path (initial): untitled.jar
Launcher Type: SUN_STANDARD

[Global flags]
     intx CICompilerCount                          = 4                                         {product} {ergonomic}
     uint ConcGCThreads                            = 2                                         {product} {ergonomic}
     uint G1ConcRefinementThreads                  = 8                                         {product} {ergonomic}
   size_t G1HeapRegionSize                         = 1048576                                   {product} {ergonomic}
    uintx GCDrainStackTargetSize                   = 64                                        {product} {ergonomic}
   size_t InitialHeapSize                          = 266338304                                 {product} {ergonomic}
   size_t MarkStackSize                            = 4194304                                   {product} {ergonomic}
   size_t MaxHeapSize                              = 4234149888                                {product} {ergonomic}
   size_t MaxNewSize                               = 2539651072                                {product} {ergonomic}
   size_t MinHeapDeltaBytes                        = 1048576                                   {product} {ergonomic}
    uintx NonNMethodCodeHeapSize                   = 5836300                                {pd product} {ergonomic}
    uintx NonProfiledCodeHeapSize                  = 122910970                              {pd product} {ergonomic}
    uintx ProfiledCodeHeapSize                     = 122910970                              {pd product} {ergonomic}
    uintx ReservedCodeCacheSize                    = 251658240                              {pd product} {ergonomic}
     bool SegmentedCodeCache                       = true                                      {product} {ergonomic}
     bool UseCompressedClassPointers               = true                                 {lp64_product} {ergonomic}
     bool UseCompressedOops                        = true                                 {lp64_product} {ergonomic}
     bool UseG1GC                                  = true                                      {product} {ergonomic}
     bool UseLargePagesIndividualAllocation        = false                                  {pd product} {ergonomic}

Logging:
Log output configuration:
 #0: stdout all=warning uptime,level,tags
 #1: stderr all=off uptime,level,tags

Environment Variables:
JAVA_HOME=C:\Program Files\Java\jdk-11.0.11
PATH=c:\Python39\Scripts\;c:\Python39\;c:\windows\system32;c:\windows;c:\windows\System32\Wbem;c:\windows\System32\WindowsPowerShell\v1.0\;c:\windows\System32\OpenSSH\;c:\Program Files\Java\jdk-11.0.11\bin;c:\Program Files\Git\cmd;c:\Program Files (x86)\nodejs\;c:\ProgramData\chocolatey\bin;c:\Program Files\Maven\bin;c:\Program Files\MySQL\MySQL Server 5.7\bin;c:\Program Files\Amazon\AWSCLIV2\;c:\Program Files\Docker\Docker\resources\bin;c:\ProgramData\DockerDesktop\version-bin;c:\Program Files\Go\bin;c:\msys64\mingw64\bin;C:\MinGW\bin;C:\MinGW\msys\1.0\bin;c:\Java\jdk-11.0.11\bin;c:\Program Files\MySQL\MySQL Shell 8.0\bin\;c:\Users\fsopmboudjieka\AppData\Local\Microsoft\WindowsApps;c:\Users\fsopmboudjieka\AppData\Roaming\npm;c:\Users\fsopmboudjieka\AppData\Local\Programs\Microsoft VS Code\bin;c:\Program Files\JetBrains\IntelliJ IDEA 2021.1.1\bin;.;c:\Users\fsopmboudjieka\go\bin
USERNAME=FSopMboudjieka
OS=Windows_NT
PROCESSOR_IDENTIFIER=Intel64 Family 6 Model 142 Stepping 12, GenuineIntel



---------------  S Y S T E M  ---------------

OS: Windows 10 , 64 bit Build 19041 (10.0.19041.1202)
Hyper-V role detected

CPU:total 8 (initial active 8) (4 cores per cpu, 2 threads per core) family 6 model 142 stepping 12 microcode 0xde, cmov, cx8, fxsr, mmx, sse, sse2, sse3, ssse3, sse4.1, sse4.2, popcnt, avx, avx2, aes, clmul, erms, 3dnowpref, lzcnt, ht, tsc, tscinvbit, bmi1, bmi2, adx, fma

Memory: 4k page, system-wide physical 16144M (2451M free)
TotalPageFile size 32565M (AvailPageFile size 8551M)
current process WorkingSet (physical memory assigned to process): 63M, peak: 65M
current process commit charge ("private bytes"): 350M, peak: 351M

vm_info: Java HotSpot(TM) 64-Bit Server VM (11.0.11+9-LTS-194) for windows-amd64 JRE (11.0.11+9-LTS-194), built on Mar 18 2021 18:46:53 by "mach5one" with MS VC++ 15.9 (VS2017)

END.
