#
# A fatal error has been detected by the Java Runtime Environment:
#
#  EXCEPTION_ACCESS_VIOLATION (0xc0000005) at pc=0x000001ad8cde8340, pid=24932, tid=16936
#
# JRE version: Java(TM) SE Runtime Environment 18.9 (11.0.11+9) (build 11.0.11+9-LTS-194)
# Java VM: Java HotSpot(TM) 64-Bit Server VM 18.9 (11.0.11+9-LTS-194, mixed mode, tiered, compressed oops, g1 gc, windows-amd64)
# Problematic frame:
# C  0x000001ad8cde8340
#
# No core dump will be written. Minidumps are not enabled by default on client versions of Windows
#
# If you would like to submit a bug report, please visit:
#   https://bugreport.java.com/bugreport/crash.jsp
# The crash happened outside the Java Virtual Machine in native code.
# See problematic frame for where to report the bug.
#

---------------  S U M M A R Y ------------

Command Line: -javaagent:C:\Program Files\JetBrains\IntelliJ IDEA 2021.1.1\lib\idea_rt.jar=64729:C:\Program Files\JetBrains\IntelliJ IDEA 2021.1.1\bin -Dfile.encoding=UTF-8 untitled

Host: Intel(R) Core(TM) i7-10510U CPU @ 1.80GHz, 8 cores, 15G,  Windows 10 , 64 bit Build 19041 (10.0.19041.1202)
Time: Tue Oct 19 19:52:45 2021 South Africa Standard Time elapsed time: 0.394168 seconds (0d 0h 0m 0s)

---------------  T H R E A D  ---------------

Current thread (0x000001ade7fd9000):  JavaThread "main" [_thread_in_native, id=16936, stack(0x0000005149000000,0x0000005149100000)]

Stack: [0x0000005149000000,0x0000005149100000],  sp=0x00000051490ff0d8,  free space=1020k
Native frames: (J=compiled Java code, j=interpreted, Vv=VM code, C=native code)
C  0x000001ad8cde8340

Java frames: (J=compiled Java code, j=interpreted, Vv=VM code)
j  SSCAPIJNI.ssc_module_free(J)V+0
j  untitled.main([Ljava/lang/String;)V+21130
v  ~StubRoutines::call_stub

siginfo: EXCEPTION_ACCESS_VIOLATION (0xc0000005), data execution prevention violation at address 0x000001ad8cde8340


Register to memory mapping:

RIP=0x000001ad8cde8340 points into unknown readable memory: b0 c3 da 8c ad 01 00 00
RAX=0x000001ad8c53ef20 points into unknown readable memory: 40 83 de 8c ad 01 00 00
RBX={method} {0x000001ad8bf4eae0} 'ssc_module_free' '(J)V' in 'SSCAPIJNI'
RCX=0x000001ad8cd9fb40 points into unknown readable memory: 20 ef 53 8c ad 01 00 00
RDX=0x0000000000000001 is an unknown value
RSP=0x00000051490ff0d8 is pointing into the stack for thread: 0x000001ade7fd9000
RBP=0x00000051490ff110 is pointing into the stack for thread: 0x000001ade7fd9000
RSI=0x0000000000000002 is an unknown value
RDI=0x000001adf049a127 is at code_begin+2343 in an Interpreter codelet
invoke return entry points  [0x000001adf0499800, 0x000001adf049a200]  2560 bytes
R8 =0x000001ad8cd9fb40 points into unknown readable memory: 20 ef 53 8c ad 01 00 00
R9 =0x0000000000000001 is an unknown value
R10=0x000001adf049f348 is at code_begin+1000 in an Interpreter codelet
method entry point (kind = native)  [0x000001adf049ef60, 0x000001adf049fa00]  2720 bytes
R11=0x0000000713423e30 is an oop: java.lang.Class 
{0x0000000713423e30} - klass: 'java/lang/Class'
R12=0x0 is NULL
R13={method} {0x000001ad8bf4eae0} 'ssc_module_free' '(J)V' in 'SSCAPIJNI'
R14=0x00000051490ff1c0 is pointing into the stack for thread: 0x000001ade7fd9000
R15=0x000001ade7fd9000 is a thread


Registers:
RAX=0x000001ad8c53ef20, RBX=0x000001ad8bf4ead8, RCX=0x000001ad8cd9fb40, RDX=0x0000000000000001
RSP=0x00000051490ff0d8, RBP=0x00000051490ff110, RSI=0x0000000000000002, RDI=0x000001adf049a127
R8 =0x000001ad8cd9fb40, R9 =0x0000000000000001, R10=0x000001adf049f348, R11=0x0000000713423e30
R12=0x0000000000000000, R13=0x000001ad8bf4ead8, R14=0x00000051490ff1c0, R15=0x000001ade7fd9000
RIP=0x000001ad8cde8340, EFLAGS=0x0000000000010202

Top of Stack: (sp=0x00000051490ff0d8)
0x00000051490ff0d8:   00007ffddc8d28ce 000001ad8bf4ddb8
0x00000051490ff0e8:   000001adf049f1c0 000001ade7fd9000
0x00000051490ff0f8:   000001ad8bf4ddb8 000001ad8c4ffc60
0x00000051490ff108:   000001ad8cd9fb40 00000051490ff198
0x00000051490ff118:   000001adf049f377 000001ade7fd9348
0x00000051490ff128:   00000051490ff1a8 000001ad8cd9fb40
0x00000051490ff138:   0000000000000002 0000000000000001
0x00000051490ff148:   000001adf049f016 00000051490ff150
0x00000051490ff158:   0000000000000000 00000051490ff1c0
0x00000051490ff168:   000001ad8bf4fd60 0000000000000000
0x00000051490ff178:   0000000713423e30 000001ad8bf4ead8
0x00000051490ff188:   0000000000000000 00000051490ff1b8
0x00000051490ff198:   00000051490ff210 000001adf049a127
0x00000051490ff1a8:   0000000713423e30 000001adf049c2f8
0x00000051490ff1b8:   000001ad8cd9fb40 0000000000000000
0x00000051490ff1c8:   00000051490ff1c8 000001ad8bf4b31a 

Instructions: (pc=0x000001ad8cde8340)
0x000001ad8cde8320:   08 00 00 00 00 00 00 00 c0 53 c9 8c ad 01 00 00
0x000001ad8cde8330:   00 00 00 00 00 00 00 00 c3 3d f3 83 72 e4 74 00
0x000001ad8cde8340:   b0 c3 da 8c ad 01 00 00 e0 a0 f3 8c ad 01 00 00
0x000001ad8cde8350:   0d 00 00 00 00 00 00 00 8a 8e cd 11 00 00 00 00 


Stack slot to memory mapping:
stack at sp + 0 slots: 0x00007ffddc8d28ce SSCAPIJNI.dll
stack at sp + 1 slots: {method} {0x000001ad8bf4ddc0} 'ssc_data_free' '(J)V' in 'SSCAPIJNI'
stack at sp + 2 slots: 0x000001adf049f1c0 is at code_begin+608 in an Interpreter codelet
method entry point (kind = native)  [0x000001adf049ef60, 0x000001adf049fa00]  2720 bytes
stack at sp + 3 slots: 0x000001ade7fd9000 is a thread
stack at sp + 4 slots: {method} {0x000001ad8bf4ddc0} 'ssc_data_free' '(J)V' in 'SSCAPIJNI'
stack at sp + 5 slots: 0x000001ad8c4ffc60 points into unknown readable memory: 5c 00 3f 00 3f 00 5c 00
stack at sp + 6 slots: 0x000001ad8cd9fb40 points into unknown readable memory: 20 ef 53 8c ad 01 00 00
stack at sp + 7 slots: 0x00000051490ff198 is pointing into the stack for thread: 0x000001ade7fd9000


---------------  P R O C E S S  ---------------

Threads class SMR info:
_java_thread_list=0x000001ad8c5372c0, length=13, elements={
0x000001ade7fd9000, 0x000001ad8c215000, 0x000001ad8c21f000, 0x000001ad8c279800,
0x000001ad8c27a800, 0x000001ad8c27d800, 0x000001ad8c284800, 0x000001ad8c286800,
0x000001ad8c41c800, 0x000001ad8c43f800, 0x000001ad8c59e800, 0x000001ad8c5a3800,
0x000001ad8c92d000
}

Java Threads: ( => current thread )
=>0x000001ade7fd9000 JavaThread "main" [_thread_in_native, id=16936, stack(0x0000005149000000,0x0000005149100000)]
  0x000001ad8c215000 JavaThread "Reference Handler" daemon [_thread_blocked, id=26136, stack(0x0000005149700000,0x0000005149800000)]
  0x000001ad8c21f000 JavaThread "Finalizer" daemon [_thread_blocked, id=17136, stack(0x0000005149800000,0x0000005149900000)]
  0x000001ad8c279800 JavaThread "Signal Dispatcher" daemon [_thread_blocked, id=23320, stack(0x0000005149900000,0x0000005149a00000)]
  0x000001ad8c27a800 JavaThread "Attach Listener" daemon [_thread_blocked, id=19560, stack(0x0000005149a00000,0x0000005149b00000)]
  0x000001ad8c27d800 JavaThread "C2 CompilerThread0" daemon [_thread_in_native, id=24768, stack(0x0000005149b00000,0x0000005149c00000)]
  0x000001ad8c284800 JavaThread "C1 CompilerThread0" daemon [_thread_blocked, id=21012, stack(0x0000005149c00000,0x0000005149d00000)]
  0x000001ad8c286800 JavaThread "Sweeper thread" daemon [_thread_blocked, id=17864, stack(0x0000005149d00000,0x0000005149e00000)]
  0x000001ad8c41c800 JavaThread "Common-Cleaner" daemon [_thread_blocked, id=23204, stack(0x0000005149e00000,0x0000005149f00000)]
  0x000001ad8c43f800 JavaThread "C2 CompilerThread1" daemon [_thread_in_native, id=20248, stack(0x0000005149f00000,0x000000514a000000)]
  0x000001ad8c59e800 JavaThread "Monitor Ctrl-Break" daemon [_thread_in_native, id=5056, stack(0x000000514a000000,0x000000514a100000)]
  0x000001ad8c5a3800 JavaThread "Service Thread" daemon [_thread_blocked, id=21536, stack(0x000000514a100000,0x000000514a200000)]
  0x000001ad8c92d000 JavaThread "C2 CompilerThread2" daemon [_thread_in_native, id=20980, stack(0x000000514a300000,0x000000514a400000)]

Other Threads:
  0x000001ad8c1f2800 VMThread "VM Thread" [stack: 0x0000005149600000,0x0000005149700000] [id=740]
  0x000001ad8c5a5000 WatcherThread [stack: 0x000000514a200000,0x000000514a300000] [id=17092]
  0x000001ade7fef800 GCTaskThread "GC Thread#0" [stack: 0x0000005149100000,0x0000005149200000] [id=2572]
  0x000001ade5faa800 ConcurrentGCThread "G1 Main Marker" [stack: 0x0000005149200000,0x0000005149300000] [id=18260]
  0x000001ade5fac800 ConcurrentGCThread "G1 Conc#0" [stack: 0x0000005149300000,0x0000005149400000] [id=24772]
  0x000001ad8b858000 ConcurrentGCThread "G1 Refine#0" [stack: 0x0000005149400000,0x0000005149500000] [id=27532]
  0x000001ad8b859000 ConcurrentGCThread "G1 Young RemSet Sampling" [stack: 0x0000005149500000,0x0000005149600000] [id=21860]

Threads with active compile tasks:
C2 CompilerThread0    416  440       4       jdk.internal.math.FDBigInteger::multByPow52 (154 bytes)
C2 CompilerThread1    417  441 %     4       jdk.internal.math.FloatingDecimal$ASCIIToBinaryBuffer::doubleValue @ 30 (1194 bytes)
C2 CompilerThread2    417  398       4       java.lang.String::<init> (74 bytes)

VM state:not at safepoint (normal execution)

VM Mutex/Monitor currently owned by a thread: None

Heap address: 0x0000000703a00000, size: 4038 MB, Compressed Oops mode: Zero based, Oop shift amount: 3
Narrow klass base: 0x0000000800000000, Narrow klass shift: 0
Compressed class space size: 1073741824 Address: 0x0000000800000000

Heap:
 garbage-first heap   total 260096K, used 14336K [0x0000000703a00000, 0x0000000800000000)
  region size 1024K, 15 young (15360K), 0 survivors (0K)
 Metaspace       used 7846K, capacity 8022K, committed 8192K, reserved 1056768K
  class space    used 699K, capacity 734K, committed 768K, reserved 1048576K
Heap Regions: E=young(eden), S=young(survivor), O=old, HS=humongous(starts), HC=humongous(continues), CS=collection set, F=free, A=archive, TAMS=top-at-mark-start (previous, next)
|   0|0x0000000703a00000, 0x0000000703a00000, 0x0000000703b00000|  0%| F|  |TAMS 0x0000000703a00000, 0x0000000703a00000| Untracked 
|   1|0x0000000703b00000, 0x0000000703b00000, 0x0000000703c00000|  0%| F|  |TAMS 0x0000000703b00000, 0x0000000703b00000| Untracked 
|   2|0x0000000703c00000, 0x0000000703c00000, 0x0000000703d00000|  0%| F|  |TAMS 0x0000000703c00000, 0x0000000703c00000| Untracked 
|   3|0x0000000703d00000, 0x0000000703d00000, 0x0000000703e00000|  0%| F|  |TAMS 0x0000000703d00000, 0x0000000703d00000| Untracked 
|   4|0x0000000703e00000, 0x0000000703e00000, 0x0000000703f00000|  0%| F|  |TAMS 0x0000000703e00000, 0x0000000703e00000| Untracked 
|   5|0x0000000703f00000, 0x0000000703f00000, 0x0000000704000000|  0%| F|  |TAMS 0x0000000703f00000, 0x0000000703f00000| Untracked 
|   6|0x0000000704000000, 0x0000000704000000, 0x0000000704100000|  0%| F|  |TAMS 0x0000000704000000, 0x0000000704000000| Untracked 
|   7|0x0000000704100000, 0x0000000704100000, 0x0000000704200000|  0%| F|  |TAMS 0x0000000704100000, 0x0000000704100000| Untracked 
|   8|0x0000000704200000, 0x0000000704200000, 0x0000000704300000|  0%| F|  |TAMS 0x0000000704200000, 0x0000000704200000| Untracked 
|   9|0x0000000704300000, 0x0000000704300000, 0x0000000704400000|  0%| F|  |TAMS 0x0000000704300000, 0x0000000704300000| Untracked 
|  10|0x0000000704400000, 0x0000000704400000, 0x0000000704500000|  0%| F|  |TAMS 0x0000000704400000, 0x0000000704400000| Untracked 
|  11|0x0000000704500000, 0x0000000704500000, 0x0000000704600000|  0%| F|  |TAMS 0x0000000704500000, 0x0000000704500000| Untracked 
|  12|0x0000000704600000, 0x0000000704600000, 0x0000000704700000|  0%| F|  |TAMS 0x0000000704600000, 0x0000000704600000| Untracked 
|  13|0x0000000704700000, 0x0000000704700000, 0x0000000704800000|  0%| F|  |TAMS 0x0000000704700000, 0x0000000704700000| Untracked 
|  14|0x0000000704800000, 0x0000000704800000, 0x0000000704900000|  0%| F|  |TAMS 0x0000000704800000, 0x0000000704800000| Untracked 
|  15|0x0000000704900000, 0x0000000704900000, 0x0000000704a00000|  0%| F|  |TAMS 0x0000000704900000, 0x0000000704900000| Untracked 
|  16|0x0000000704a00000, 0x0000000704a00000, 0x0000000704b00000|  0%| F|  |TAMS 0x0000000704a00000, 0x0000000704a00000| Untracked 
|  17|0x0000000704b00000, 0x0000000704b00000, 0x0000000704c00000|  0%| F|  |TAMS 0x0000000704b00000, 0x0000000704b00000| Untracked 
|  18|0x0000000704c00000, 0x0000000704c00000, 0x0000000704d00000|  0%| F|  |TAMS 0x0000000704c00000, 0x0000000704c00000| Untracked 
|  19|0x0000000704d00000, 0x0000000704d00000, 0x0000000704e00000|  0%| F|  |TAMS 0x0000000704d00000, 0x0000000704d00000| Untracked 
|  20|0x0000000704e00000, 0x0000000704e00000, 0x0000000704f00000|  0%| F|  |TAMS 0x0000000704e00000, 0x0000000704e00000| Untracked 
|  21|0x0000000704f00000, 0x0000000704f00000, 0x0000000705000000|  0%| F|  |TAMS 0x0000000704f00000, 0x0000000704f00000| Untracked 
|  22|0x0000000705000000, 0x0000000705000000, 0x0000000705100000|  0%| F|  |TAMS 0x0000000705000000, 0x0000000705000000| Untracked 
|  23|0x0000000705100000, 0x0000000705100000, 0x0000000705200000|  0%| F|  |TAMS 0x0000000705100000, 0x0000000705100000| Untracked 
|  24|0x0000000705200000, 0x0000000705200000, 0x0000000705300000|  0%| F|  |TAMS 0x0000000705200000, 0x0000000705200000| Untracked 
|  25|0x0000000705300000, 0x0000000705300000, 0x0000000705400000|  0%| F|  |TAMS 0x0000000705300000, 0x0000000705300000| Untracked 
|  26|0x0000000705400000, 0x0000000705400000, 0x0000000705500000|  0%| F|  |TAMS 0x0000000705400000, 0x0000000705400000| Untracked 
|  27|0x0000000705500000, 0x0000000705500000, 0x0000000705600000|  0%| F|  |TAMS 0x0000000705500000, 0x0000000705500000| Untracked 
|  28|0x0000000705600000, 0x0000000705600000, 0x0000000705700000|  0%| F|  |TAMS 0x0000000705600000, 0x0000000705600000| Untracked 
|  29|0x0000000705700000, 0x0000000705700000, 0x0000000705800000|  0%| F|  |TAMS 0x0000000705700000, 0x0000000705700000| Untracked 
|  30|0x0000000705800000, 0x0000000705800000, 0x0000000705900000|  0%| F|  |TAMS 0x0000000705800000, 0x0000000705800000| Untracked 
|  31|0x0000000705900000, 0x0000000705900000, 0x0000000705a00000|  0%| F|  |TAMS 0x0000000705900000, 0x0000000705900000| Untracked 
|  32|0x0000000705a00000, 0x0000000705a00000, 0x0000000705b00000|  0%| F|  |TAMS 0x0000000705a00000, 0x0000000705a00000| Untracked 
|  33|0x0000000705b00000, 0x0000000705b00000, 0x0000000705c00000|  0%| F|  |TAMS 0x0000000705b00000, 0x0000000705b00000| Untracked 
|  34|0x0000000705c00000, 0x0000000705c00000, 0x0000000705d00000|  0%| F|  |TAMS 0x0000000705c00000, 0x0000000705c00000| Untracked 
|  35|0x0000000705d00000, 0x0000000705d00000, 0x0000000705e00000|  0%| F|  |TAMS 0x0000000705d00000, 0x0000000705d00000| Untracked 
|  36|0x0000000705e00000, 0x0000000705e00000, 0x0000000705f00000|  0%| F|  |TAMS 0x0000000705e00000, 0x0000000705e00000| Untracked 
|  37|0x0000000705f00000, 0x0000000705f00000, 0x0000000706000000|  0%| F|  |TAMS 0x0000000705f00000, 0x0000000705f00000| Untracked 
|  38|0x0000000706000000, 0x0000000706000000, 0x0000000706100000|  0%| F|  |TAMS 0x0000000706000000, 0x0000000706000000| Untracked 
|  39|0x0000000706100000, 0x0000000706100000, 0x0000000706200000|  0%| F|  |TAMS 0x0000000706100000, 0x0000000706100000| Untracked 
|  40|0x0000000706200000, 0x0000000706200000, 0x0000000706300000|  0%| F|  |TAMS 0x0000000706200000, 0x0000000706200000| Untracked 
|  41|0x0000000706300000, 0x0000000706300000, 0x0000000706400000|  0%| F|  |TAMS 0x0000000706300000, 0x0000000706300000| Untracked 
|  42|0x0000000706400000, 0x0000000706400000, 0x0000000706500000|  0%| F|  |TAMS 0x0000000706400000, 0x0000000706400000| Untracked 
|  43|0x0000000706500000, 0x0000000706500000, 0x0000000706600000|  0%| F|  |TAMS 0x0000000706500000, 0x0000000706500000| Untracked 
|  44|0x0000000706600000, 0x0000000706600000, 0x0000000706700000|  0%| F|  |TAMS 0x0000000706600000, 0x0000000706600000| Untracked 
|  45|0x0000000706700000, 0x0000000706700000, 0x0000000706800000|  0%| F|  |TAMS 0x0000000706700000, 0x0000000706700000| Untracked 
|  46|0x0000000706800000, 0x0000000706800000, 0x0000000706900000|  0%| F|  |TAMS 0x0000000706800000, 0x0000000706800000| Untracked 
|  47|0x0000000706900000, 0x0000000706900000, 0x0000000706a00000|  0%| F|  |TAMS 0x0000000706900000, 0x0000000706900000| Untracked 
|  48|0x0000000706a00000, 0x0000000706a00000, 0x0000000706b00000|  0%| F|  |TAMS 0x0000000706a00000, 0x0000000706a00000| Untracked 
|  49|0x0000000706b00000, 0x0000000706b00000, 0x0000000706c00000|  0%| F|  |TAMS 0x0000000706b00000, 0x0000000706b00000| Untracked 
|  50|0x0000000706c00000, 0x0000000706c00000, 0x0000000706d00000|  0%| F|  |TAMS 0x0000000706c00000, 0x0000000706c00000| Untracked 
|  51|0x0000000706d00000, 0x0000000706d00000, 0x0000000706e00000|  0%| F|  |TAMS 0x0000000706d00000, 0x0000000706d00000| Untracked 
|  52|0x0000000706e00000, 0x0000000706e00000, 0x0000000706f00000|  0%| F|  |TAMS 0x0000000706e00000, 0x0000000706e00000| Untracked 
|  53|0x0000000706f00000, 0x0000000706f00000, 0x0000000707000000|  0%| F|  |TAMS 0x0000000706f00000, 0x0000000706f00000| Untracked 
|  54|0x0000000707000000, 0x0000000707000000, 0x0000000707100000|  0%| F|  |TAMS 0x0000000707000000, 0x0000000707000000| Untracked 
|  55|0x0000000707100000, 0x0000000707100000, 0x0000000707200000|  0%| F|  |TAMS 0x0000000707100000, 0x0000000707100000| Untracked 
|  56|0x0000000707200000, 0x0000000707200000, 0x0000000707300000|  0%| F|  |TAMS 0x0000000707200000, 0x0000000707200000| Untracked 
|  57|0x0000000707300000, 0x0000000707300000, 0x0000000707400000|  0%| F|  |TAMS 0x0000000707300000, 0x0000000707300000| Untracked 
|  58|0x0000000707400000, 0x0000000707400000, 0x0000000707500000|  0%| F|  |TAMS 0x0000000707400000, 0x0000000707400000| Untracked 
|  59|0x0000000707500000, 0x0000000707500000, 0x0000000707600000|  0%| F|  |TAMS 0x0000000707500000, 0x0000000707500000| Untracked 
|  60|0x0000000707600000, 0x0000000707600000, 0x0000000707700000|  0%| F|  |TAMS 0x0000000707600000, 0x0000000707600000| Untracked 
|  61|0x0000000707700000, 0x0000000707700000, 0x0000000707800000|  0%| F|  |TAMS 0x0000000707700000, 0x0000000707700000| Untracked 
|  62|0x0000000707800000, 0x0000000707800000, 0x0000000707900000|  0%| F|  |TAMS 0x0000000707800000, 0x0000000707800000| Untracked 
|  63|0x0000000707900000, 0x0000000707900000, 0x0000000707a00000|  0%| F|  |TAMS 0x0000000707900000, 0x0000000707900000| Untracked 
|  64|0x0000000707a00000, 0x0000000707a00000, 0x0000000707b00000|  0%| F|  |TAMS 0x0000000707a00000, 0x0000000707a00000| Untracked 
|  65|0x0000000707b00000, 0x0000000707b00000, 0x0000000707c00000|  0%| F|  |TAMS 0x0000000707b00000, 0x0000000707b00000| Untracked 
|  66|0x0000000707c00000, 0x0000000707c00000, 0x0000000707d00000|  0%| F|  |TAMS 0x0000000707c00000, 0x0000000707c00000| Untracked 
|  67|0x0000000707d00000, 0x0000000707d00000, 0x0000000707e00000|  0%| F|  |TAMS 0x0000000707d00000, 0x0000000707d00000| Untracked 
|  68|0x0000000707e00000, 0x0000000707e00000, 0x0000000707f00000|  0%| F|  |TAMS 0x0000000707e00000, 0x0000000707e00000| Untracked 
|  69|0x0000000707f00000, 0x0000000707f00000, 0x0000000708000000|  0%| F|  |TAMS 0x0000000707f00000, 0x0000000707f00000| Untracked 
|  70|0x0000000708000000, 0x0000000708000000, 0x0000000708100000|  0%| F|  |TAMS 0x0000000708000000, 0x0000000708000000| Untracked 
|  71|0x0000000708100000, 0x0000000708100000, 0x0000000708200000|  0%| F|  |TAMS 0x0000000708100000, 0x0000000708100000| Untracked 
|  72|0x0000000708200000, 0x0000000708200000, 0x0000000708300000|  0%| F|  |TAMS 0x0000000708200000, 0x0000000708200000| Untracked 
|  73|0x0000000708300000, 0x0000000708300000, 0x0000000708400000|  0%| F|  |TAMS 0x0000000708300000, 0x0000000708300000| Untracked 
|  74|0x0000000708400000, 0x0000000708400000, 0x0000000708500000|  0%| F|  |TAMS 0x0000000708400000, 0x0000000708400000| Untracked 
|  75|0x0000000708500000, 0x0000000708500000, 0x0000000708600000|  0%| F|  |TAMS 0x0000000708500000, 0x0000000708500000| Untracked 
|  76|0x0000000708600000, 0x0000000708600000, 0x0000000708700000|  0%| F|  |TAMS 0x0000000708600000, 0x0000000708600000| Untracked 
|  77|0x0000000708700000, 0x0000000708700000, 0x0000000708800000|  0%| F|  |TAMS 0x0000000708700000, 0x0000000708700000| Untracked 
|  78|0x0000000708800000, 0x0000000708800000, 0x0000000708900000|  0%| F|  |TAMS 0x0000000708800000, 0x0000000708800000| Untracked 
|  79|0x0000000708900000, 0x0000000708900000, 0x0000000708a00000|  0%| F|  |TAMS 0x0000000708900000, 0x0000000708900000| Untracked 
|  80|0x0000000708a00000, 0x0000000708a00000, 0x0000000708b00000|  0%| F|  |TAMS 0x0000000708a00000, 0x0000000708a00000| Untracked 
|  81|0x0000000708b00000, 0x0000000708b00000, 0x0000000708c00000|  0%| F|  |TAMS 0x0000000708b00000, 0x0000000708b00000| Untracked 
|  82|0x0000000708c00000, 0x0000000708c00000, 0x0000000708d00000|  0%| F|  |TAMS 0x0000000708c00000, 0x0000000708c00000| Untracked 
|  83|0x0000000708d00000, 0x0000000708d00000, 0x0000000708e00000|  0%| F|  |TAMS 0x0000000708d00000, 0x0000000708d00000| Untracked 
|  84|0x0000000708e00000, 0x0000000708e00000, 0x0000000708f00000|  0%| F|  |TAMS 0x0000000708e00000, 0x0000000708e00000| Untracked 
|  85|0x0000000708f00000, 0x0000000708f00000, 0x0000000709000000|  0%| F|  |TAMS 0x0000000708f00000, 0x0000000708f00000| Untracked 
|  86|0x0000000709000000, 0x0000000709000000, 0x0000000709100000|  0%| F|  |TAMS 0x0000000709000000, 0x0000000709000000| Untracked 
|  87|0x0000000709100000, 0x0000000709100000, 0x0000000709200000|  0%| F|  |TAMS 0x0000000709100000, 0x0000000709100000| Untracked 
|  88|0x0000000709200000, 0x0000000709200000, 0x0000000709300000|  0%| F|  |TAMS 0x0000000709200000, 0x0000000709200000| Untracked 
|  89|0x0000000709300000, 0x0000000709300000, 0x0000000709400000|  0%| F|  |TAMS 0x0000000709300000, 0x0000000709300000| Untracked 
|  90|0x0000000709400000, 0x0000000709400000, 0x0000000709500000|  0%| F|  |TAMS 0x0000000709400000, 0x0000000709400000| Untracked 
|  91|0x0000000709500000, 0x0000000709500000, 0x0000000709600000|  0%| F|  |TAMS 0x0000000709500000, 0x0000000709500000| Untracked 
|  92|0x0000000709600000, 0x0000000709600000, 0x0000000709700000|  0%| F|  |TAMS 0x0000000709600000, 0x0000000709600000| Untracked 
|  93|0x0000000709700000, 0x0000000709700000, 0x0000000709800000|  0%| F|  |TAMS 0x0000000709700000, 0x0000000709700000| Untracked 
|  94|0x0000000709800000, 0x0000000709800000, 0x0000000709900000|  0%| F|  |TAMS 0x0000000709800000, 0x0000000709800000| Untracked 
|  95|0x0000000709900000, 0x0000000709900000, 0x0000000709a00000|  0%| F|  |TAMS 0x0000000709900000, 0x0000000709900000| Untracked 
|  96|0x0000000709a00000, 0x0000000709a00000, 0x0000000709b00000|  0%| F|  |TAMS 0x0000000709a00000, 0x0000000709a00000| Untracked 
|  97|0x0000000709b00000, 0x0000000709b00000, 0x0000000709c00000|  0%| F|  |TAMS 0x0000000709b00000, 0x0000000709b00000| Untracked 
|  98|0x0000000709c00000, 0x0000000709c00000, 0x0000000709d00000|  0%| F|  |TAMS 0x0000000709c00000, 0x0000000709c00000| Untracked 
|  99|0x0000000709d00000, 0x0000000709d00000, 0x0000000709e00000|  0%| F|  |TAMS 0x0000000709d00000, 0x0000000709d00000| Untracked 
| 100|0x0000000709e00000, 0x0000000709e00000, 0x0000000709f00000|  0%| F|  |TAMS 0x0000000709e00000, 0x0000000709e00000| Untracked 
| 101|0x0000000709f00000, 0x0000000709f00000, 0x000000070a000000|  0%| F|  |TAMS 0x0000000709f00000, 0x0000000709f00000| Untracked 
| 102|0x000000070a000000, 0x000000070a000000, 0x000000070a100000|  0%| F|  |TAMS 0x000000070a000000, 0x000000070a000000| Untracked 
| 103|0x000000070a100000, 0x000000070a100000, 0x000000070a200000|  0%| F|  |TAMS 0x000000070a100000, 0x000000070a100000| Untracked 
| 104|0x000000070a200000, 0x000000070a200000, 0x000000070a300000|  0%| F|  |TAMS 0x000000070a200000, 0x000000070a200000| Untracked 
| 105|0x000000070a300000, 0x000000070a300000, 0x000000070a400000|  0%| F|  |TAMS 0x000000070a300000, 0x000000070a300000| Untracked 
| 106|0x000000070a400000, 0x000000070a400000, 0x000000070a500000|  0%| F|  |TAMS 0x000000070a400000, 0x000000070a400000| Untracked 
| 107|0x000000070a500000, 0x000000070a500000, 0x000000070a600000|  0%| F|  |TAMS 0x000000070a500000, 0x000000070a500000| Untracked 
| 108|0x000000070a600000, 0x000000070a600000, 0x000000070a700000|  0%| F|  |TAMS 0x000000070a600000, 0x000000070a600000| Untracked 
| 109|0x000000070a700000, 0x000000070a700000, 0x000000070a800000|  0%| F|  |TAMS 0x000000070a700000, 0x000000070a700000| Untracked 
| 110|0x000000070a800000, 0x000000070a800000, 0x000000070a900000|  0%| F|  |TAMS 0x000000070a800000, 0x000000070a800000| Untracked 
| 111|0x000000070a900000, 0x000000070a900000, 0x000000070aa00000|  0%| F|  |TAMS 0x000000070a900000, 0x000000070a900000| Untracked 
| 112|0x000000070aa00000, 0x000000070aa00000, 0x000000070ab00000|  0%| F|  |TAMS 0x000000070aa00000, 0x000000070aa00000| Untracked 
| 113|0x000000070ab00000, 0x000000070ab00000, 0x000000070ac00000|  0%| F|  |TAMS 0x000000070ab00000, 0x000000070ab00000| Untracked 
| 114|0x000000070ac00000, 0x000000070ac00000, 0x000000070ad00000|  0%| F|  |TAMS 0x000000070ac00000, 0x000000070ac00000| Untracked 
| 115|0x000000070ad00000, 0x000000070ad00000, 0x000000070ae00000|  0%| F|  |TAMS 0x000000070ad00000, 0x000000070ad00000| Untracked 
| 116|0x000000070ae00000, 0x000000070ae00000, 0x000000070af00000|  0%| F|  |TAMS 0x000000070ae00000, 0x000000070ae00000| Untracked 
| 117|0x000000070af00000, 0x000000070af00000, 0x000000070b000000|  0%| F|  |TAMS 0x000000070af00000, 0x000000070af00000| Untracked 
| 118|0x000000070b000000, 0x000000070b000000, 0x000000070b100000|  0%| F|  |TAMS 0x000000070b000000, 0x000000070b000000| Untracked 
| 119|0x000000070b100000, 0x000000070b100000, 0x000000070b200000|  0%| F|  |TAMS 0x000000070b100000, 0x000000070b100000| Untracked 
| 120|0x000000070b200000, 0x000000070b200000, 0x000000070b300000|  0%| F|  |TAMS 0x000000070b200000, 0x000000070b200000| Untracked 
| 121|0x000000070b300000, 0x000000070b300000, 0x000000070b400000|  0%| F|  |TAMS 0x000000070b300000, 0x000000070b300000| Untracked 
| 122|0x000000070b400000, 0x000000070b400000, 0x000000070b500000|  0%| F|  |TAMS 0x000000070b400000, 0x000000070b400000| Untracked 
| 123|0x000000070b500000, 0x000000070b500000, 0x000000070b600000|  0%| F|  |TAMS 0x000000070b500000, 0x000000070b500000| Untracked 
| 124|0x000000070b600000, 0x000000070b600000, 0x000000070b700000|  0%| F|  |TAMS 0x000000070b600000, 0x000000070b600000| Untracked 
| 125|0x000000070b700000, 0x000000070b700000, 0x000000070b800000|  0%| F|  |TAMS 0x000000070b700000, 0x000000070b700000| Untracked 
| 126|0x000000070b800000, 0x000000070b800000, 0x000000070b900000|  0%| F|  |TAMS 0x000000070b800000, 0x000000070b800000| Untracked 
| 127|0x000000070b900000, 0x000000070b900000, 0x000000070ba00000|  0%| F|  |TAMS 0x000000070b900000, 0x000000070b900000| Untracked 
| 128|0x000000070ba00000, 0x000000070ba00000, 0x000000070bb00000|  0%| F|  |TAMS 0x000000070ba00000, 0x000000070ba00000| Untracked 
| 129|0x000000070bb00000, 0x000000070bb00000, 0x000000070bc00000|  0%| F|  |TAMS 0x000000070bb00000, 0x000000070bb00000| Untracked 
| 130|0x000000070bc00000, 0x000000070bc00000, 0x000000070bd00000|  0%| F|  |TAMS 0x000000070bc00000, 0x000000070bc00000| Untracked 
| 131|0x000000070bd00000, 0x000000070bd00000, 0x000000070be00000|  0%| F|  |TAMS 0x000000070bd00000, 0x000000070bd00000| Untracked 
| 132|0x000000070be00000, 0x000000070be00000, 0x000000070bf00000|  0%| F|  |TAMS 0x000000070be00000, 0x000000070be00000| Untracked 
| 133|0x000000070bf00000, 0x000000070bf00000, 0x000000070c000000|  0%| F|  |TAMS 0x000000070bf00000, 0x000000070bf00000| Untracked 
| 134|0x000000070c000000, 0x000000070c000000, 0x000000070c100000|  0%| F|  |TAMS 0x000000070c000000, 0x000000070c000000| Untracked 
| 135|0x000000070c100000, 0x000000070c100000, 0x000000070c200000|  0%| F|  |TAMS 0x000000070c100000, 0x000000070c100000| Untracked 
| 136|0x000000070c200000, 0x000000070c200000, 0x000000070c300000|  0%| F|  |TAMS 0x000000070c200000, 0x000000070c200000| Untracked 
| 137|0x000000070c300000, 0x000000070c300000, 0x000000070c400000|  0%| F|  |TAMS 0x000000070c300000, 0x000000070c300000| Untracked 
| 138|0x000000070c400000, 0x000000070c400000, 0x000000070c500000|  0%| F|  |TAMS 0x000000070c400000, 0x000000070c400000| Untracked 
| 139|0x000000070c500000, 0x000000070c500000, 0x000000070c600000|  0%| F|  |TAMS 0x000000070c500000, 0x000000070c500000| Untracked 
| 140|0x000000070c600000, 0x000000070c600000, 0x000000070c700000|  0%| F|  |TAMS 0x000000070c600000, 0x000000070c600000| Untracked 
| 141|0x000000070c700000, 0x000000070c700000, 0x000000070c800000|  0%| F|  |TAMS 0x000000070c700000, 0x000000070c700000| Untracked 
| 142|0x000000070c800000, 0x000000070c800000, 0x000000070c900000|  0%| F|  |TAMS 0x000000070c800000, 0x000000070c800000| Untracked 
| 143|0x000000070c900000, 0x000000070c900000, 0x000000070ca00000|  0%| F|  |TAMS 0x000000070c900000, 0x000000070c900000| Untracked 
| 144|0x000000070ca00000, 0x000000070ca00000, 0x000000070cb00000|  0%| F|  |TAMS 0x000000070ca00000, 0x000000070ca00000| Untracked 
| 145|0x000000070cb00000, 0x000000070cb00000, 0x000000070cc00000|  0%| F|  |TAMS 0x000000070cb00000, 0x000000070cb00000| Untracked 
| 146|0x000000070cc00000, 0x000000070cc00000, 0x000000070cd00000|  0%| F|  |TAMS 0x000000070cc00000, 0x000000070cc00000| Untracked 
| 147|0x000000070cd00000, 0x000000070cd00000, 0x000000070ce00000|  0%| F|  |TAMS 0x000000070cd00000, 0x000000070cd00000| Untracked 
| 148|0x000000070ce00000, 0x000000070ce00000, 0x000000070cf00000|  0%| F|  |TAMS 0x000000070ce00000, 0x000000070ce00000| Untracked 
| 149|0x000000070cf00000, 0x000000070cf00000, 0x000000070d000000|  0%| F|  |TAMS 0x000000070cf00000, 0x000000070cf00000| Untracked 
| 150|0x000000070d000000, 0x000000070d000000, 0x000000070d100000|  0%| F|  |TAMS 0x000000070d000000, 0x000000070d000000| Untracked 
| 151|0x000000070d100000, 0x000000070d100000, 0x000000070d200000|  0%| F|  |TAMS 0x000000070d100000, 0x000000070d100000| Untracked 
| 152|0x000000070d200000, 0x000000070d200000, 0x000000070d300000|  0%| F|  |TAMS 0x000000070d200000, 0x000000070d200000| Untracked 
| 153|0x000000070d300000, 0x000000070d300000, 0x000000070d400000|  0%| F|  |TAMS 0x000000070d300000, 0x000000070d300000| Untracked 
| 154|0x000000070d400000, 0x000000070d400000, 0x000000070d500000|  0%| F|  |TAMS 0x000000070d400000, 0x000000070d400000| Untracked 
| 155|0x000000070d500000, 0x000000070d500000, 0x000000070d600000|  0%| F|  |TAMS 0x000000070d500000, 0x000000070d500000| Untracked 
| 156|0x000000070d600000, 0x000000070d600000, 0x000000070d700000|  0%| F|  |TAMS 0x000000070d600000, 0x000000070d600000| Untracked 
| 157|0x000000070d700000, 0x000000070d700000, 0x000000070d800000|  0%| F|  |TAMS 0x000000070d700000, 0x000000070d700000| Untracked 
| 158|0x000000070d800000, 0x000000070d800000, 0x000000070d900000|  0%| F|  |TAMS 0x000000070d800000, 0x000000070d800000| Untracked 
| 159|0x000000070d900000, 0x000000070d900000, 0x000000070da00000|  0%| F|  |TAMS 0x000000070d900000, 0x000000070d900000| Untracked 
| 160|0x000000070da00000, 0x000000070da00000, 0x000000070db00000|  0%| F|  |TAMS 0x000000070da00000, 0x000000070da00000| Untracked 
| 161|0x000000070db00000, 0x000000070db00000, 0x000000070dc00000|  0%| F|  |TAMS 0x000000070db00000, 0x000000070db00000| Untracked 
| 162|0x000000070dc00000, 0x000000070dc00000, 0x000000070dd00000|  0%| F|  |TAMS 0x000000070dc00000, 0x000000070dc00000| Untracked 
| 163|0x000000070dd00000, 0x000000070dd00000, 0x000000070de00000|  0%| F|  |TAMS 0x000000070dd00000, 0x000000070dd00000| Untracked 
| 164|0x000000070de00000, 0x000000070de00000, 0x000000070df00000|  0%| F|  |TAMS 0x000000070de00000, 0x000000070de00000| Untracked 
| 165|0x000000070df00000, 0x000000070df00000, 0x000000070e000000|  0%| F|  |TAMS 0x000000070df00000, 0x000000070df00000| Untracked 
| 166|0x000000070e000000, 0x000000070e000000, 0x000000070e100000|  0%| F|  |TAMS 0x000000070e000000, 0x000000070e000000| Untracked 
| 167|0x000000070e100000, 0x000000070e100000, 0x000000070e200000|  0%| F|  |TAMS 0x000000070e100000, 0x000000070e100000| Untracked 
| 168|0x000000070e200000, 0x000000070e200000, 0x000000070e300000|  0%| F|  |TAMS 0x000000070e200000, 0x000000070e200000| Untracked 
| 169|0x000000070e300000, 0x000000070e300000, 0x000000070e400000|  0%| F|  |TAMS 0x000000070e300000, 0x000000070e300000| Untracked 
| 170|0x000000070e400000, 0x000000070e400000, 0x000000070e500000|  0%| F|  |TAMS 0x000000070e400000, 0x000000070e400000| Untracked 
| 171|0x000000070e500000, 0x000000070e500000, 0x000000070e600000|  0%| F|  |TAMS 0x000000070e500000, 0x000000070e500000| Untracked 
| 172|0x000000070e600000, 0x000000070e600000, 0x000000070e700000|  0%| F|  |TAMS 0x000000070e600000, 0x000000070e600000| Untracked 
| 173|0x000000070e700000, 0x000000070e700000, 0x000000070e800000|  0%| F|  |TAMS 0x000000070e700000, 0x000000070e700000| Untracked 
| 174|0x000000070e800000, 0x000000070e800000, 0x000000070e900000|  0%| F|  |TAMS 0x000000070e800000, 0x000000070e800000| Untracked 
| 175|0x000000070e900000, 0x000000070e900000, 0x000000070ea00000|  0%| F|  |TAMS 0x000000070e900000, 0x000000070e900000| Untracked 
| 176|0x000000070ea00000, 0x000000070ea00000, 0x000000070eb00000|  0%| F|  |TAMS 0x000000070ea00000, 0x000000070ea00000| Untracked 
| 177|0x000000070eb00000, 0x000000070eb00000, 0x000000070ec00000|  0%| F|  |TAMS 0x000000070eb00000, 0x000000070eb00000| Untracked 
| 178|0x000000070ec00000, 0x000000070ec00000, 0x000000070ed00000|  0%| F|  |TAMS 0x000000070ec00000, 0x000000070ec00000| Untracked 
| 179|0x000000070ed00000, 0x000000070ed00000, 0x000000070ee00000|  0%| F|  |TAMS 0x000000070ed00000, 0x000000070ed00000| Untracked 
| 180|0x000000070ee00000, 0x000000070ee00000, 0x000000070ef00000|  0%| F|  |TAMS 0x000000070ee00000, 0x000000070ee00000| Untracked 
| 181|0x000000070ef00000, 0x000000070ef00000, 0x000000070f000000|  0%| F|  |TAMS 0x000000070ef00000, 0x000000070ef00000| Untracked 
| 182|0x000000070f000000, 0x000000070f000000, 0x000000070f100000|  0%| F|  |TAMS 0x000000070f000000, 0x000000070f000000| Untracked 
| 183|0x000000070f100000, 0x000000070f100000, 0x000000070f200000|  0%| F|  |TAMS 0x000000070f100000, 0x000000070f100000| Untracked 
| 184|0x000000070f200000, 0x000000070f200000, 0x000000070f300000|  0%| F|  |TAMS 0x000000070f200000, 0x000000070f200000| Untracked 
| 185|0x000000070f300000, 0x000000070f300000, 0x000000070f400000|  0%| F|  |TAMS 0x000000070f300000, 0x000000070f300000| Untracked 
| 186|0x000000070f400000, 0x000000070f400000, 0x000000070f500000|  0%| F|  |TAMS 0x000000070f400000, 0x000000070f400000| Untracked 
| 187|0x000000070f500000, 0x000000070f500000, 0x000000070f600000|  0%| F|  |TAMS 0x000000070f500000, 0x000000070f500000| Untracked 
| 188|0x000000070f600000, 0x000000070f600000, 0x000000070f700000|  0%| F|  |TAMS 0x000000070f600000, 0x000000070f600000| Untracked 
| 189|0x000000070f700000, 0x000000070f700000, 0x000000070f800000|  0%| F|  |TAMS 0x000000070f700000, 0x000000070f700000| Untracked 
| 190|0x000000070f800000, 0x000000070f800000, 0x000000070f900000|  0%| F|  |TAMS 0x000000070f800000, 0x000000070f800000| Untracked 
| 191|0x000000070f900000, 0x000000070f900000, 0x000000070fa00000|  0%| F|  |TAMS 0x000000070f900000, 0x000000070f900000| Untracked 
| 192|0x000000070fa00000, 0x000000070fa00000, 0x000000070fb00000|  0%| F|  |TAMS 0x000000070fa00000, 0x000000070fa00000| Untracked 
| 193|0x000000070fb00000, 0x000000070fb00000, 0x000000070fc00000|  0%| F|  |TAMS 0x000000070fb00000, 0x000000070fb00000| Untracked 
| 194|0x000000070fc00000, 0x000000070fc00000, 0x000000070fd00000|  0%| F|  |TAMS 0x000000070fc00000, 0x000000070fc00000| Untracked 
| 195|0x000000070fd00000, 0x000000070fd00000, 0x000000070fe00000|  0%| F|  |TAMS 0x000000070fd00000, 0x000000070fd00000| Untracked 
| 196|0x000000070fe00000, 0x000000070fe00000, 0x000000070ff00000|  0%| F|  |TAMS 0x000000070fe00000, 0x000000070fe00000| Untracked 
| 197|0x000000070ff00000, 0x000000070ff00000, 0x0000000710000000|  0%| F|  |TAMS 0x000000070ff00000, 0x000000070ff00000| Untracked 
| 198|0x0000000710000000, 0x0000000710000000, 0x0000000710100000|  0%| F|  |TAMS 0x0000000710000000, 0x0000000710000000| Untracked 
| 199|0x0000000710100000, 0x0000000710100000, 0x0000000710200000|  0%| F|  |TAMS 0x0000000710100000, 0x0000000710100000| Untracked 
| 200|0x0000000710200000, 0x0000000710200000, 0x0000000710300000|  0%| F|  |TAMS 0x0000000710200000, 0x0000000710200000| Untracked 
| 201|0x0000000710300000, 0x0000000710300000, 0x0000000710400000|  0%| F|  |TAMS 0x0000000710300000, 0x0000000710300000| Untracked 
| 202|0x0000000710400000, 0x0000000710400000, 0x0000000710500000|  0%| F|  |TAMS 0x0000000710400000, 0x0000000710400000| Untracked 
| 203|0x0000000710500000, 0x0000000710500000, 0x0000000710600000|  0%| F|  |TAMS 0x0000000710500000, 0x0000000710500000| Untracked 
| 204|0x0000000710600000, 0x0000000710600000, 0x0000000710700000|  0%| F|  |TAMS 0x0000000710600000, 0x0000000710600000| Untracked 
| 205|0x0000000710700000, 0x0000000710700000, 0x0000000710800000|  0%| F|  |TAMS 0x0000000710700000, 0x0000000710700000| Untracked 
| 206|0x0000000710800000, 0x0000000710800000, 0x0000000710900000|  0%| F|  |TAMS 0x0000000710800000, 0x0000000710800000| Untracked 
| 207|0x0000000710900000, 0x0000000710900000, 0x0000000710a00000|  0%| F|  |TAMS 0x0000000710900000, 0x0000000710900000| Untracked 
| 208|0x0000000710a00000, 0x0000000710a00000, 0x0000000710b00000|  0%| F|  |TAMS 0x0000000710a00000, 0x0000000710a00000| Untracked 
| 209|0x0000000710b00000, 0x0000000710b00000, 0x0000000710c00000|  0%| F|  |TAMS 0x0000000710b00000, 0x0000000710b00000| Untracked 
| 210|0x0000000710c00000, 0x0000000710c00000, 0x0000000710d00000|  0%| F|  |TAMS 0x0000000710c00000, 0x0000000710c00000| Untracked 
| 211|0x0000000710d00000, 0x0000000710d00000, 0x0000000710e00000|  0%| F|  |TAMS 0x0000000710d00000, 0x0000000710d00000| Untracked 
| 212|0x0000000710e00000, 0x0000000710e00000, 0x0000000710f00000|  0%| F|  |TAMS 0x0000000710e00000, 0x0000000710e00000| Untracked 
| 213|0x0000000710f00000, 0x0000000710f00000, 0x0000000711000000|  0%| F|  |TAMS 0x0000000710f00000, 0x0000000710f00000| Untracked 
| 214|0x0000000711000000, 0x0000000711000000, 0x0000000711100000|  0%| F|  |TAMS 0x0000000711000000, 0x0000000711000000| Untracked 
| 215|0x0000000711100000, 0x0000000711100000, 0x0000000711200000|  0%| F|  |TAMS 0x0000000711100000, 0x0000000711100000| Untracked 
| 216|0x0000000711200000, 0x0000000711200000, 0x0000000711300000|  0%| F|  |TAMS 0x0000000711200000, 0x0000000711200000| Untracked 
| 217|0x0000000711300000, 0x0000000711300000, 0x0000000711400000|  0%| F|  |TAMS 0x0000000711300000, 0x0000000711300000| Untracked 
| 218|0x0000000711400000, 0x0000000711400000, 0x0000000711500000|  0%| F|  |TAMS 0x0000000711400000, 0x0000000711400000| Untracked 
| 219|0x0000000711500000, 0x0000000711500000, 0x0000000711600000|  0%| F|  |TAMS 0x0000000711500000, 0x0000000711500000| Untracked 
| 220|0x0000000711600000, 0x0000000711600000, 0x0000000711700000|  0%| F|  |TAMS 0x0000000711600000, 0x0000000711600000| Untracked 
| 221|0x0000000711700000, 0x0000000711700000, 0x0000000711800000|  0%| F|  |TAMS 0x0000000711700000, 0x0000000711700000| Untracked 
| 222|0x0000000711800000, 0x0000000711800000, 0x0000000711900000|  0%| F|  |TAMS 0x0000000711800000, 0x0000000711800000| Untracked 
| 223|0x0000000711900000, 0x0000000711900000, 0x0000000711a00000|  0%| F|  |TAMS 0x0000000711900000, 0x0000000711900000| Untracked 
| 224|0x0000000711a00000, 0x0000000711a00000, 0x0000000711b00000|  0%| F|  |TAMS 0x0000000711a00000, 0x0000000711a00000| Untracked 
| 225|0x0000000711b00000, 0x0000000711b00000, 0x0000000711c00000|  0%| F|  |TAMS 0x0000000711b00000, 0x0000000711b00000| Untracked 
| 226|0x0000000711c00000, 0x0000000711c00000, 0x0000000711d00000|  0%| F|  |TAMS 0x0000000711c00000, 0x0000000711c00000| Untracked 
| 227|0x0000000711d00000, 0x0000000711d00000, 0x0000000711e00000|  0%| F|  |TAMS 0x0000000711d00000, 0x0000000711d00000| Untracked 
| 228|0x0000000711e00000, 0x0000000711e00000, 0x0000000711f00000|  0%| F|  |TAMS 0x0000000711e00000, 0x0000000711e00000| Untracked 
| 229|0x0000000711f00000, 0x0000000711f00000, 0x0000000712000000|  0%| F|  |TAMS 0x0000000711f00000, 0x0000000711f00000| Untracked 
| 230|0x0000000712000000, 0x0000000712000000, 0x0000000712100000|  0%| F|  |TAMS 0x0000000712000000, 0x0000000712000000| Untracked 
| 231|0x0000000712100000, 0x0000000712100000, 0x0000000712200000|  0%| F|  |TAMS 0x0000000712100000, 0x0000000712100000| Untracked 
| 232|0x0000000712200000, 0x0000000712200000, 0x0000000712300000|  0%| F|  |TAMS 0x0000000712200000, 0x0000000712200000| Untracked 
| 233|0x0000000712300000, 0x0000000712300000, 0x0000000712400000|  0%| F|  |TAMS 0x0000000712300000, 0x0000000712300000| Untracked 
| 234|0x0000000712400000, 0x0000000712400000, 0x0000000712500000|  0%| F|  |TAMS 0x0000000712400000, 0x0000000712400000| Untracked 
| 235|0x0000000712500000, 0x0000000712500000, 0x0000000712600000|  0%| F|  |TAMS 0x0000000712500000, 0x0000000712500000| Untracked 
| 236|0x0000000712600000, 0x0000000712600000, 0x0000000712700000|  0%| F|  |TAMS 0x0000000712600000, 0x0000000712600000| Untracked 
| 237|0x0000000712700000, 0x0000000712700000, 0x0000000712800000|  0%| F|  |TAMS 0x0000000712700000, 0x0000000712700000| Untracked 
| 238|0x0000000712800000, 0x0000000712800000, 0x0000000712900000|  0%| F|  |TAMS 0x0000000712800000, 0x0000000712800000| Untracked 
| 239|0x0000000712900000, 0x000000071297b630, 0x0000000712a00000| 48%| E|  |TAMS 0x0000000712900000, 0x0000000712900000| Complete 
| 240|0x0000000712a00000, 0x0000000712b00000, 0x0000000712b00000|100%| E|CS|TAMS 0x0000000712a00000, 0x0000000712a00000| Complete 
| 241|0x0000000712b00000, 0x0000000712c00000, 0x0000000712c00000|100%| E|CS|TAMS 0x0000000712b00000, 0x0000000712b00000| Complete 
| 242|0x0000000712c00000, 0x0000000712d00000, 0x0000000712d00000|100%| E|CS|TAMS 0x0000000712c00000, 0x0000000712c00000| Complete 
| 243|0x0000000712d00000, 0x0000000712e00000, 0x0000000712e00000|100%| E|CS|TAMS 0x0000000712d00000, 0x0000000712d00000| Complete 
| 244|0x0000000712e00000, 0x0000000712f00000, 0x0000000712f00000|100%| E|CS|TAMS 0x0000000712e00000, 0x0000000712e00000| Complete 
| 245|0x0000000712f00000, 0x0000000713000000, 0x0000000713000000|100%| E|CS|TAMS 0x0000000712f00000, 0x0000000712f00000| Complete 
| 246|0x0000000713000000, 0x0000000713100000, 0x0000000713100000|100%| E|CS|TAMS 0x0000000713000000, 0x0000000713000000| Complete 
| 247|0x0000000713100000, 0x0000000713200000, 0x0000000713200000|100%| E|CS|TAMS 0x0000000713100000, 0x0000000713100000| Complete 
| 248|0x0000000713200000, 0x0000000713300000, 0x0000000713300000|100%| E|CS|TAMS 0x0000000713200000, 0x0000000713200000| Complete 
| 249|0x0000000713300000, 0x0000000713400000, 0x0000000713400000|100%| E|CS|TAMS 0x0000000713300000, 0x0000000713300000| Complete 
| 250|0x0000000713400000, 0x0000000713500000, 0x0000000713500000|100%| E|CS|TAMS 0x0000000713400000, 0x0000000713400000| Complete 
| 251|0x0000000713500000, 0x0000000713600000, 0x0000000713600000|100%| E|CS|TAMS 0x0000000713500000, 0x0000000713500000| Complete 
| 252|0x0000000713600000, 0x0000000713700000, 0x0000000713700000|100%| E|CS|TAMS 0x0000000713600000, 0x0000000713600000| Complete 
| 253|0x0000000713700000, 0x0000000713800000, 0x0000000713800000|100%| E|CS|TAMS 0x0000000713700000, 0x0000000713700000| Complete 

Card table byte_map: [0x000001ad80000000,0x000001ad807f0000] _byte_map_base: 0x000001ad7c7e3000

Marking Bits (Prev, Next): (CMBitMap*) 0x000001ade8039828, (CMBitMap*) 0x000001ade8039860
 Prev Bits: [0x000001ad80fe0000, 0x000001ad84ef8000)
 Next Bits: [0x000001ad84f00000, 0x000001ad88e18000)

Polling page: 0x000001ade6190000

Metaspace:

Usage:
  Non-class:      7.12 MB capacity,     6.98 MB ( 98%) used,   132.94 KB (  2%) free+waste,     8.50 KB ( <1%) overhead. 
      Class:    734.00 KB capacity,   699.64 KB ( 95%) used,    30.36 KB (  4%) free+waste,     4.00 KB ( <1%) overhead. 
       Both:      7.83 MB capacity,     7.66 MB ( 98%) used,   163.30 KB (  2%) free+waste,    12.50 KB ( <1%) overhead. 

Virtual space:
  Non-class space:        8.00 MB reserved,       7.25 MB ( 91%) committed 
      Class space:        1.00 GB reserved,     768.00 KB ( <1%) committed 
             Both:        1.01 GB reserved,       8.00 MB ( <1%) committed 

Chunk freelists:
   Non-Class:  1.00 KB
       Class:  256 bytes
        Both:  1.25 KB

CodeHeap 'non-profiled nmethods': size=120000Kb used=206Kb max_used=206Kb free=119793Kb
 bounds [0x000001adf7f60000, 0x000001adf81d0000, 0x000001adff490000]
CodeHeap 'profiled nmethods': size=120000Kb used=843Kb max_used=843Kb free=119156Kb
 bounds [0x000001adf0a30000, 0x000001adf0ca0000, 0x000001adf7f60000]
CodeHeap 'non-nmethods': size=5760Kb used=1073Kb max_used=1100Kb free=4686Kb
 bounds [0x000001adf0490000, 0x000001adf0700000, 0x000001adf0a30000]
 total_blobs=804 nmethods=439 adapters=277
 compilation: enabled
              stopped_count=0, restarted_count=0
 full_count=0

Compilation events (10 events):
Event: 0.380 Thread 0x000001ad8c284800  436       3       java.nio.CharBuffer::arrayOffset (35 bytes)
Event: 0.380 Thread 0x000001ad8c284800 nmethod 436 0x000001adf0affb10 code [0x000001adf0affce0, 0x000001adf0afff58]
Event: 0.382 Thread 0x000001ad8c43f800 nmethod 426 0x000001adf7f8a810 code [0x000001adf7f8aa00, 0x000001adf7f8b488]
Event: 0.382 Thread 0x000001ad8c43f800  441 %     4       jdk.internal.math.FloatingDecimal$ASCIIToBinaryBuffer::doubleValue @ 30 (1194 bytes)
Event: 0.385 Thread 0x000001ad8c284800  444   !   3       untitled::set_array (166 bytes)
Event: 0.386 Thread 0x000001ad8c27d800 nmethod 427 0x000001adf7f8bd10 code [0x000001adf7f8bec0, 0x000001adf7f8c428]
Event: 0.386 Thread 0x000001ad8c27d800  443       4       jdk.internal.math.FDBigInteger::rightInplaceSub (351 bytes)
Event: 0.387 Thread 0x000001ad8c284800 nmethod 444 0x000001adf0b00090 code [0x000001adf0b00460, 0x000001adf0b01cb8]
Event: 0.387 Thread 0x000001ad8c284800  445       3       java.nio.Buffer::limit (65 bytes)
Event: 0.387 Thread 0x000001ad8c284800 nmethod 445 0x000001adf0b02910 code [0x000001adf0b02ac0, 0x000001adf0b02d68]

GC Heap History (0 events):
No events

Deoptimization events (10 events):
Event: 0.214 Thread 0x000001ade7fd9000 Uncommon trap: reason=unstable_if action=reinterpret pc=0x000001adf7f6c014 method=java.lang.String.isLatin1()Z @ 10 c2
Event: 0.226 Thread 0x000001ade7fd9000 Uncommon trap: reason=bimorphic_or_optimized_type_check action=maybe_recompile pc=0x000001adf7f69594 method=java.util.AbstractCollection.isEmpty()Z @ 1 c2
Event: 0.226 Thread 0x000001ade7fd9000 Uncommon trap: reason=bimorphic_or_optimized_type_check action=maybe_recompile pc=0x000001adf7f69594 method=java.util.AbstractCollection.isEmpty()Z @ 1 c2
Event: 0.227 Thread 0x000001ade7fd9000 Uncommon trap: reason=bimorphic_or_optimized_type_check action=maybe_recompile pc=0x000001adf7f69594 method=java.util.AbstractCollection.isEmpty()Z @ 1 c2
Event: 0.228 Thread 0x000001ade7fd9000 Uncommon trap: reason=bimorphic_or_optimized_type_check action=maybe_recompile pc=0x000001adf7f69594 method=java.util.AbstractCollection.isEmpty()Z @ 1 c2
Event: 0.311 Thread 0x000001ade7fd9000 Uncommon trap: reason=unstable_if action=reinterpret pc=0x000001adf7f785b8 method=jdk.internal.math.FloatingDecimal.readJavaFormatString(Ljava/lang/String;)Ljdk/internal/math/FloatingDecimal$ASCIIToBinaryConverter; @ 178 c2
Event: 0.327 Thread 0x000001ade7fd9000 Uncommon trap: reason=unstable_if action=reinterpret pc=0x000001adf7f7bf28 method=java.io.BufferedReader.readLine(Z)Ljava/lang/String; @ 55 c2
Event: 0.363 Thread 0x000001ade7fd9000 Uncommon trap: reason=unstable_if action=reinterpret pc=0x000001adf7f85f74 method=jdk.internal.math.FloatingDecimal.readJavaFormatString(Ljava/lang/String;)Ljdk/internal/math/FloatingDecimal$ASCIIToBinaryConverter; @ 327 c2
Event: 0.363 Thread 0x000001ade7fd9000 Uncommon trap: reason=unstable_if action=reinterpret pc=0x000001adf7f82cec method=jdk.internal.math.FloatingDecimal$ASCIIToBinaryBuffer.doubleValue()D @ 287 c2
Event: 0.363 Thread 0x000001ade7fd9000 Uncommon trap: reason=unstable_if action=reinterpret pc=0x000001adf7f7dfdc method=jdk.internal.math.FDBigInteger.rightInplaceSub(Ljdk/internal/math/FDBigInteger;)Ljdk/internal/math/FDBigInteger; @ 93 c2

Classes redefined (0 events):
No events

Internal exceptions (0 events):
No events

Events (10 events):
Event: 0.381 Thread 0x000001ade7fd9000 DEOPT PACKING pc=0x000001adf0afe0d8 sp=0x00000051490feec0
Event: 0.381 Thread 0x000001ade7fd9000 DEOPT UNPACKING pc=0x000001adf04b705e sp=0x00000051490fe340 mode 0
Event: 0.382 Thread 0x000001ade7fd9000 DEOPT PACKING pc=0x000001adf0afe0d8 sp=0x00000051490feec0
Event: 0.382 Thread 0x000001ade7fd9000 DEOPT UNPACKING pc=0x000001adf04b705e sp=0x00000051490fe340 mode 0
Event: 0.383 Thread 0x000001ade7fd9000 DEOPT PACKING pc=0x000001adf0afe0d8 sp=0x00000051490feec0
Event: 0.383 Thread 0x000001ade7fd9000 DEOPT UNPACKING pc=0x000001adf04b705e sp=0x00000051490fe340 mode 0
Event: 0.385 Thread 0x000001ade7fd9000 DEOPT PACKING pc=0x000001adf0afe0d8 sp=0x00000051490feec0
Event: 0.385 Thread 0x000001ade7fd9000 DEOPT UNPACKING pc=0x000001adf04b705e sp=0x00000051490fe340 mode 0
Event: 0.386 Thread 0x000001ade7fd9000 DEOPT PACKING pc=0x000001adf0afe0d8 sp=0x00000051490feec0
Event: 0.387 Thread 0x000001ade7fd9000 DEOPT UNPACKING pc=0x000001adf04b705e sp=0x00000051490fe340 mode 0


Dynamic libraries:
0x00007ff6ccc80000 - 0x00007ff6ccc8f000 	C:\Program Files\Java\jdk-11.0.11\bin\java.exe
0x00007ffdfc130000 - 0x00007ffdfc325000 	C:\windows\SYSTEM32\ntdll.dll
0x00007ffdfb2c0000 - 0x00007ffdfb37e000 	C:\windows\System32\KERNEL32.DLL
0x00007ffdf99b0000 - 0x00007ffdf9c79000 	C:\windows\System32\KERNELBASE.dll
0x00007ffdf9f10000 - 0x00007ffdfa010000 	C:\windows\System32\ucrtbase.dll
0x00007ffdde350000 - 0x00007ffdde365000 	C:\Program Files\Java\jdk-11.0.11\bin\VCRUNTIME140.dll
0x00007ffdde9c0000 - 0x00007ffdde9d8000 	C:\Program Files\Java\jdk-11.0.11\bin\jli.dll
0x00007ffdfb670000 - 0x00007ffdfb71c000 	C:\windows\System32\ADVAPI32.dll
0x00007ffdfa300000 - 0x00007ffdfa39e000 	C:\windows\System32\msvcrt.dll
0x00007ffdfb7e0000 - 0x00007ffdfb87b000 	C:\windows\System32\sechost.dll
0x00007ffdfa450000 - 0x00007ffdfa57a000 	C:\windows\System32\RPCRT4.dll
0x00007ffdfa730000 - 0x00007ffdfa8d1000 	C:\windows\System32\USER32.dll
0x00007ffde3320000 - 0x00007ffde35ba000 	C:\windows\WinSxS\amd64_microsoft.windows.common-controls_6595b64144ccf1df_6.0.19041.1110_none_60b5254171f9507e\COMCTL32.dll
0x00007ffdfa120000 - 0x00007ffdfa142000 	C:\windows\System32\win32u.dll
0x00007ffdfb790000 - 0x00007ffdfb7bb000 	C:\windows\System32\GDI32.dll
0x00007ffdf9e00000 - 0x00007ffdf9f0b000 	C:\windows\System32\gdi32full.dll
0x00007ffdee5d0000 - 0x00007ffdee5da000 	C:\windows\SYSTEM32\VERSION.dll
0x00007ffdf9cd0000 - 0x00007ffdf9d6d000 	C:\windows\System32\msvcp_win.dll
0x00007ffdfb290000 - 0x00007ffdfb2c0000 	C:\windows\System32\IMM32.DLL
0x00007ffd9a530000 - 0x00007ffd9a5cb000 	C:\Program Files\Java\jdk-11.0.11\bin\msvcp140.dll
0x00007ffd61ab0000 - 0x00007ffd625ae000 	C:\Program Files\Java\jdk-11.0.11\bin\server\jvm.dll
0x00007ffdfa960000 - 0x00007ffdfa968000 	C:\windows\System32\PSAPI.DLL
0x00007ffdf42d0000 - 0x00007ffdf42f7000 	C:\windows\SYSTEM32\WINMM.dll
0x00007ffdf28b0000 - 0x00007ffdf28b9000 	C:\windows\SYSTEM32\WSOCK32.dll
0x00007ffdfb720000 - 0x00007ffdfb78b000 	C:\windows\System32\WS2_32.dll
0x00007ffdf7fb0000 - 0x00007ffdf7fc2000 	C:\windows\SYSTEM32\kernel.appcore.dll
0x00007ffde89b0000 - 0x00007ffde89c0000 	C:\Program Files\Java\jdk-11.0.11\bin\verify.dll
0x00007ffdf7c70000 - 0x00007ffdf7e54000 	C:\windows\SYSTEM32\DBGHELP.DLL
0x00007ffdf4260000 - 0x00007ffdf428c000 	C:\windows\SYSTEM32\dbgcore.DLL
0x00007ffdf9d70000 - 0x00007ffdf9df3000 	C:\windows\System32\bcryptPrimitives.dll
0x00007ffddc7f0000 - 0x00007ffddc818000 	C:\Program Files\Java\jdk-11.0.11\bin\java.dll
0x00007ffde3030000 - 0x00007ffde303a000 	C:\Program Files\Java\jdk-11.0.11\bin\jimage.dll
0x00007ffdf30a0000 - 0x00007ffdf30ae000 	C:\Program Files\Java\jdk-11.0.11\bin\instrument.dll
0x00007ffddc7d0000 - 0x00007ffddc7e6000 	C:\Program Files\Java\jdk-11.0.11\bin\zip.dll
0x00007ffdfb880000 - 0x00007ffdfbfbf000 	C:\windows\System32\SHELL32.dll
0x00007ffdf7420000 - 0x00007ffdf7bb0000 	C:\windows\SYSTEM32\windows.storage.dll
0x00007ffdfa9e0000 - 0x00007ffdfad35000 	C:\windows\System32\combase.dll
0x00007ffdf90f0000 - 0x00007ffdf911c000 	C:\windows\SYSTEM32\Wldp.dll
0x00007ffdfb480000 - 0x00007ffdfb52d000 	C:\windows\System32\SHCORE.dll
0x00007ffdfb420000 - 0x00007ffdfb475000 	C:\windows\System32\shlwapi.dll
0x00007ffdf9790000 - 0x00007ffdf97af000 	C:\windows\SYSTEM32\profapi.dll
0x00007ffddc7b0000 - 0x00007ffddc7c9000 	C:\Program Files\Java\jdk-11.0.11\bin\net.dll
0x00007ffdf87f0000 - 0x00007ffdf88f8000 	C:\windows\SYSTEM32\WINHTTP.dll
0x00007ffdf8ed0000 - 0x00007ffdf8f3a000 	C:\windows\system32\mswsock.dll
0x00007ffddb990000 - 0x00007ffddb9a2000 	C:\Program Files\Java\jdk-11.0.11\bin\nio.dll
0x00007ffde8d80000 - 0x00007ffde8d9a000 	C:\Program Files\JetBrains\IntelliJ IDEA 2021.1.1\bin\breakgen64.dll
0x00007ffd56c70000 - 0x00007ffd57d65000 	C:\Users\fsopmboudjieka\Projects\simulation-and-modelling-tool-suitable-for-solar-pvdesign\ssc.dll
0x00007ffde4450000 - 0x00007ffde445c000 	C:\windows\SYSTEM32\VCRUNTIME140_1.dll
0x00007ffddc8d0000 - 0x00007ffddc8f3000 	C:\Users\fsopmboudjieka\Projects\simulation-and-modelling-tool-suitable-for-solar-pvdesign\SSCAPIJNI.dll

dbghelp: loaded successfully - version: 4.0.5 - missing functions: none
symbol engine: initialized successfully - sym options: 0x614 - pdb path: .;C:\Program Files\Java\jdk-11.0.11\bin;C:\windows\SYSTEM32;C:\windows\WinSxS\amd64_microsoft.windows.common-controls_6595b64144ccf1df_6.0.19041.1110_none_60b5254171f9507e;C:\Program Files\Java\jdk-11.0.11\bin\server;C:\Program Files\JetBrains\IntelliJ IDEA 2021.1.1\bin;C:\Users\fsopmboudjieka\Projects\simulation-and-modelling-tool-suitable-for-solar-pvdesign

VM Arguments:
jvm_args: -javaagent:C:\Program Files\JetBrains\IntelliJ IDEA 2021.1.1\lib\idea_rt.jar=64729:C:\Program Files\JetBrains\IntelliJ IDEA 2021.1.1\bin -Dfile.encoding=UTF-8 
java_command: untitled
java_class_path (initial): C:\Users\fsopmboudjieka\Projects\simulation-and-modelling-tool-suitable-for-solar-pvdesign\out\production\simulation-and-modelling-tool-suitable-for-solar-pvdesign
Launcher Type: SUN_STANDARD

[Global flags]
     intx CICompilerCount                          = 4                                         {product} {ergonomic}
     uint ConcGCThreads                            = 2                                         {product} {ergonomic}
     uint G1ConcRefinementThreads                  = 8                                         {product} {ergonomic}
   size_t G1HeapRegionSize                         = 1048576                                   {product} {ergonomic}
    uintx GCDrainStackTargetSize                   = 64                                        {product} {ergonomic}
   size_t InitialHeapSize                          = 266338304                                 {product} {ergonomic}
   size_t MarkStackSize                            = 4194304                                   {product} {ergonomic}
   size_t MaxHeapSize                              = 4234149888                                {product} {ergonomic}
   size_t MaxNewSize                               = 2539651072                                {product} {ergonomic}
   size_t MinHeapDeltaBytes                        = 1048576                                   {product} {ergonomic}
    uintx NonNMethodCodeHeapSize                   = 5836300                                {pd product} {ergonomic}
    uintx NonProfiledCodeHeapSize                  = 122910970                              {pd product} {ergonomic}
    uintx ProfiledCodeHeapSize                     = 122910970                              {pd product} {ergonomic}
    uintx ReservedCodeCacheSize                    = 251658240                              {pd product} {ergonomic}
     bool SegmentedCodeCache                       = true                                      {product} {ergonomic}
     bool UseCompressedClassPointers               = true                                 {lp64_product} {ergonomic}
     bool UseCompressedOops                        = true                                 {lp64_product} {ergonomic}
     bool UseG1GC                                  = true                                      {product} {ergonomic}
     bool UseLargePagesIndividualAllocation        = false                                  {pd product} {ergonomic}

Logging:
Log output configuration:
 #0: stdout all=warning uptime,level,tags
 #1: stderr all=off uptime,level,tags

Environment Variables:
JAVA_HOME=C:\Program Files\Java\jdk-11.0.11
PATH=C:\Python39\Scripts\;C:\Python39\;C:\windows\system32;C:\windows;C:\windows\System32\Wbem;C:\windows\System32\WindowsPowerShell\v1.0\;C:\windows\System32\OpenSSH\;C:\Program Files\Java\jdk-11.0.11\bin;C:\Program Files\Git\cmd;C:\Program Files (x86)\nodejs\;C:\ProgramData\chocolatey\bin;C:\Program Files\Maven\bin;C:\Program Files\MySQL\MySQL Server 5.7\bin;C:\Program Files\Amazon\AWSCLIV2\;C:\Program Files\Docker\Docker\resources\bin;C:\ProgramData\DockerDesktop\version-bin;C:\Program Files\Go\bin;C:\msys64\mingw64\bin;C:\MinGW\bin;C:\MinGW\msys\1.0\bin;C:\Java\jdk-11.0.11\bin;C:\Program Files\MySQL\MySQL Shell 8.0\bin\;C:\Users\fsopmboudjieka\AppData\Local\Microsoft\WindowsApps;C:\Users\fsopmboudjieka\AppData\Roaming\npm;C:\Users\fsopmboudjieka\AppData\Local\Programs\Microsoft VS Code\bin;C:\Program Files\JetBrains\IntelliJ IDEA 2021.1.1\bin;;C:\Users\fsopmboudjieka\go\bin
USERNAME=FSopMboudjieka
OS=Windows_NT
PROCESSOR_IDENTIFIER=Intel64 Family 6 Model 142 Stepping 12, GenuineIntel



---------------  S Y S T E M  ---------------

OS: Windows 10 , 64 bit Build 19041 (10.0.19041.1202)
Hyper-V role detected

CPU:total 8 (initial active 8) (4 cores per cpu, 2 threads per core) family 6 model 142 stepping 12 microcode 0xde, cmov, cx8, fxsr, mmx, sse, sse2, sse3, ssse3, sse4.1, sse4.2, popcnt, avx, avx2, aes, clmul, erms, 3dnowpref, lzcnt, ht, tsc, tscinvbit, bmi1, bmi2, adx, fma

Memory: 4k page, system-wide physical 16144M (2539M free)
TotalPageFile size 32565M (AvailPageFile size 8628M)
current process WorkingSet (physical memory assigned to process): 66M, peak: 67M
current process commit charge ("private bytes"): 350M, peak: 351M

vm_info: Java HotSpot(TM) 64-Bit Server VM (11.0.11+9-LTS-194) for windows-amd64 JRE (11.0.11+9-LTS-194), built on Mar 18 2021 18:46:53 by "mach5one" with MS VC++ 15.9 (VS2017)

END.
